# JRE version: Java(TM) SE Runtime Environment (8.0_181-b13) (build 1.8.0_181-b13)
# Java VM: Java HotSpot(TM) 64-Bit Server VM (25.181-b13 mixed mode windows-amd64 compressed oops)
Heap:
 PSYoungGen      total 60416K, used 60126K [0x0000000775100000, 0x000000077a180000, 0x00000007c0000000)
  eden space 59904K, 99% used [0x0000000775100000,0x0000000778b7f880,0x0000000778b80000)
  from space 512K, 43% used [0x000000077a100000,0x000000077a138000,0x000000077a180000)
  to   space 9216K, 0% used [0x0000000778f80000,0x0000000778f80000,0x0000000779880000)
 ParOldGen       total 68096K, used 15778K [0x00000006df200000, 0x00000006e3480000, 0x0000000775100000)
  object space 68096K, 23% used [0x00000006df200000,0x00000006e01688c8,0x00000006e3480000)
 Metaspace       used 23286K, capacity 23568K, committed 23808K, reserved 1071104K
  class space    used 2678K, capacity 2769K, committed 2816K, reserved 1048576K
GC Heap History (10 events):
Event: 161.715 GC heap before
{Heap before GC invocations=9 (full 0):
 PSYoungGen      total 56832K, used 50158K [0x0000000775100000, 0x000000077a000000, 0x00000007c0000000)
  eden space 47616K, 100% used [0x0000000775100000,0x0000000777f80000,0x0000000777f80000)
  from space 9216K, 27% used [0x0000000778880000,0x0000000778afba48,0x0000000779180000)
  to   space 9216K, 0% used [0x0000000777f80000,0x0000000777f80000,0x0000000778880000)
 ParOldGen       total 86016K, used 9986K [0x00000006df200000, 0x00000006e4600000, 0x0000000775100000)
  object space 86016K, 11% used [0x00000006df200000,0x00000006dfbc0b68,0x00000006e4600000)
 Metaspace       used 20128K, capacity 20390K, committed 20608K, reserved 1067008K
  class space    used 2229K, capacity 2341K, committed 2432K, reserved 1048576K
Event: 161.733 GC heap after
Heap after GC invocations=9 (full 0):
 PSYoungGen      total 50688K, used 3986K [0x0000000775100000, 0x0000000778f80000, 0x00000007c0000000)
  eden space 46592K, 0% used [0x0000000775100000,0x0000000775100000,0x0000000777e80000)
  from space 4096K, 97% used [0x0000000777f80000,0x0000000778364b80,0x0000000778380000)
  to   space 8704K, 0% used [0x0000000778700000,0x0000000778700000,0x0000000778f80000)
 ParOldGen       total 86016K, used 10557K [0x00000006df200000, 0x00000006e4600000, 0x0000000775100000)
  object space 86016K, 12% used [0x00000006df200000,0x00000006dfc4f608,0x00000006e4600000)
 Metaspace       used 20128K, capacity 20390K, committed 20608K, reserved 1067008K
  class space    used 2229K, capacity 2341K, committed 2432K, reserved 1048576K
}
Event: 178.700 GC heap before
{Heap before GC invocations=10 (full 0):
 PSYoungGen      total 50688K, used 50578K [0x0000000775100000, 0x0000000778f80000, 0x00000007c0000000)
  eden space 46592K, 100% used [0x0000000775100000,0x0000000777e80000,0x0000000777e80000)
  from space 4096K, 97% used [0x0000000777f80000,0x0000000778364b80,0x0000000778380000)
  to   space 8704K, 0% used [0x0000000778700000,0x0000000778700000,0x0000000778f80000)
 ParOldGen       total 86016K, used 10557K [0x00000006df200000, 0x00000006e4600000, 0x0000000775100000)
  object space 86016K, 12% used [0x00000006df200000,0x00000006dfc4f608,0x00000006e4600000)
 Metaspace       used 20211K, capacity 20480K, committed 20608K, reserved 1067008K
  class space    used 2237K, capacity 2346K, committed 2432K, reserved 1048576K
Event: 178.722 GC heap after
Heap after GC invocations=10 (full 0):
 PSYoungGen      total 53248K, used 3696K [0x0000000775100000, 0x0000000778e80000, 0x00000007c0000000)
  eden space 45568K, 0% used [0x0000000775100000,0x0000000775100000,0x0000000777d80000)
  from space 7680K, 48% used [0x0000000778700000,0x0000000778a9c010,0x0000000778e80000)
  to   space 8704K, 0% used [0x0000000777d80000,0x0000000777d80000,0x0000000778600000)
 ParOldGen       total 86016K, used 12429K [0x00000006df200000, 0x00000006e4600000, 0x0000000775100000)
  object space 86016K, 14% used [0x00000006df200000,0x00000006dfe23608,0x00000006e4600000)
 Metaspace       used 20211K, capacity 20480K, committed 20608K, reserved 1067008K
  class space    used 2237K, capacity 2346K, committed 2432K, reserved 1048576K
}
Event: 187.982 GC heap before
{Heap before GC invocations=11 (full 0):
 PSYoungGen      total 53248K, used 28214K [0x0000000775100000, 0x0000000778e80000, 0x00000007c0000000)
  eden space 45568K, 53% used [0x0000000775100000,0x00000007768f1930,0x0000000777d80000)
  from space 7680K, 48% used [0x0000000778700000,0x0000000778a9c010,0x0000000778e80000)
  to   space 8704K, 0% used [0x0000000777d80000,0x0000000777d80000,0x0000000778600000)
 ParOldGen       total 86016K, used 12429K [0x00000006df200000, 0x00000006e4600000, 0x0000000775100000)
  object space 86016K, 14% used [0x00000006df200000,0x00000006dfe23608,0x00000006e4600000)
 Metaspace       used 20922K, capacity 21276K, committed 21296K, reserved 1069056K
  class space    used 2322K, capacity 2431K, committed 2432K, reserved 1048576K
Event: 188.440 GC heap after
Heap after GC invocations=11 (full 0):
 PSYoungGen      total 54272K, used 1080K [0x0000000775100000, 0x000000077a980000, 0x00000007c0000000)
  eden space 45568K, 0% used [0x0000000775100000,0x0000000775100000,0x0000000777d80000)
  from space 8704K, 12% used [0x0000000777d80000,0x0000000777e8e1e8,0x0000000778600000)
  to   space 8704K, 0% used [0x000000077a100000,0x000000077a100000,0x000000077a980000)
 ParOldGen       total 86016K, used 16068K [0x00000006df200000, 0x00000006e4600000, 0x0000000775100000)
  object space 86016K, 18% used [0x00000006df200000,0x00000006e01b1010,0x00000006e4600000)
 Metaspace       used 20922K, capacity 21276K, committed 21296K, reserved 1069056K
  class space    used 2322K, capacity 2431K, committed 2432K, reserved 1048576K
}
Event: 188.440 GC heap before
{Heap before GC invocations=12 (full 1):
 PSYoungGen      total 54272K, used 1080K [0x0000000775100000, 0x000000077a980000, 0x00000007c0000000)
  eden space 45568K, 0% used [0x0000000775100000,0x0000000775100000,0x0000000777d80000)
  from space 8704K, 12% used [0x0000000777d80000,0x0000000777e8e1e8,0x0000000778600000)
  to   space 8704K, 0% used [0x000000077a100000,0x000000077a100000,0x000000077a980000)
 ParOldGen       total 86016K, used 16068K [0x00000006df200000, 0x00000006e4600000, 0x0000000775100000)
  object space 86016K, 18% used [0x00000006df200000,0x00000006e01b1010,0x00000006e4600000)
 Metaspace       used 20922K, capacity 21276K, committed 21296K, reserved 1069056K
  class space    used 2322K, capacity 2431K, committed 2432K, reserved 1048576K
Event: 190.797 GC heap after
Heap after GC invocations=12 (full 1):
 PSYoungGen      total 54272K, used 0K [0x0000000775100000, 0x000000077a980000, 0x00000007c0000000)
  eden space 45568K, 0% used [0x0000000775100000,0x0000000775100000,0x0000000777d80000)
  from space 8704K, 0% used [0x0000000777d80000,0x0000000777d80000,0x0000000778600000)
  to   space 8704K, 0% used [0x000000077a100000,0x000000077a100000,0x000000077a980000)
 ParOldGen       total 68096K, used 15770K [0x00000006df200000, 0x00000006e3480000, 0x0000000775100000)
  object space 68096K, 23% used [0x00000006df200000,0x00000006e01668c8,0x00000006e3480000)
 Metaspace       used 20922K, capacity 21276K, committed 21296K, reserved 1069056K
  class space    used 2322K, capacity 2431K, committed 2432K, reserved 1048576K
}
Event: 199.843 GC heap before
{Heap before GC invocations=13 (full 1):
 PSYoungGen      total 54272K, used 45568K [0x0000000775100000, 0x000000077a980000, 0x00000007c0000000)
  eden space 45568K, 100% used [0x0000000775100000,0x0000000777d80000,0x0000000777d80000)
  from space 8704K, 0% used [0x0000000777d80000,0x0000000777d80000,0x0000000778600000)
  to   space 8704K, 0% used [0x000000077a100000,0x000000077a100000,0x000000077a980000)
 ParOldGen       total 68096K, used 15770K [0x00000006df200000, 0x00000006e3480000, 0x0000000775100000)
  object space 68096K, 23% used [0x00000006df200000,0x00000006e01668c8,0x00000006e3480000)
 Metaspace       used 20950K, capacity 21288K, committed 21424K, reserved 1069056K
  class space    used 2333K, capacity 2439K, committed 2560K, reserved 1048576K
Event: 199.866 GC heap after
Heap after GC invocations=13 (full 1):
 PSYoungGen      total 60416K, used 224K [0x0000000775100000, 0x000000077a180000, 0x00000007c0000000)
  eden space 59904K, 0% used [0x0000000775100000,0x0000000775100000,0x0000000778b80000)
  from space 512K, 43% used [0x000000077a100000,0x000000077a138000,0x000000077a180000)
  to   space 9216K, 0% used [0x0000000778f80000,0x0000000778f80000,0x0000000779880000)
 ParOldGen       total 68096K, used 15778K [0x00000006df200000, 0x00000006e3480000, 0x0000000775100000)
  object space 68096K, 23% used [0x00000006df200000,0x00000006e01688c8,0x00000006e3480000)
 Metaspace       used 20950K, capacity 21288K, committed 21424K, reserved 1069056K
  class space    used 2333K, capacity 2439K, committed 2560K, reserved 1048576K
}

