# JRE version: Java(TM) SE Runtime Environment (8.0_181-b13) (build 1.8.0_181-b13)
# Java VM: Java HotSpot(TM) 64-Bit Server VM (25.181-b13 mixed mode windows-amd64 compressed oops)
Heap:
 PSYoungGen      total 70656K, used 24529K [0x0000000775100000, 0x0000000779b00000, 0x00000007c0000000)
  eden space 65536K, 29% used [0x0000000775100000,0x00000007763f8a50,0x0000000779100000)
  from space 5120K, 99% used [0x0000000779100000,0x00000007795fba80,0x0000000779600000)
  to   space 5120K, 0% used [0x0000000779600000,0x0000000779600000,0x0000000779b00000)
 ParOldGen       total 86016K, used 4348K [0x00000006df200000, 0x00000006e4600000, 0x0000000775100000)
  object space 86016K, 5% used [0x00000006df200000,0x00000006df63f280,0x00000006e4600000)
 Metaspace       used 16096K, capacity 16342K, committed 16768K, reserved 1064960K
  class space    used 1710K, capacity 1799K, committed 1920K, reserved 1048576K
GC Heap History (10 events):
Event: 5.678 GC heap before
{Heap before GC invocations=1 (full 0):
 PSYoungGen      total 37888K, used 32768K [0x0000000775100000, 0x0000000777b00000, 0x00000007c0000000)
  eden space 32768K, 100% used [0x0000000775100000,0x0000000777100000,0x0000000777100000)
  from space 5120K, 0% used [0x0000000777600000,0x0000000777600000,0x0000000777b00000)
  to   space 5120K, 0% used [0x0000000777100000,0x0000000777100000,0x0000000777600000)
 ParOldGen       total 86016K, used 0K [0x00000006df200000, 0x00000006e4600000, 0x0000000775100000)
  object space 86016K, 0% used [0x00000006df200000,0x00000006df200000,0x00000006e4600000)
 Metaspace       used 4820K, capacity 5376K, committed 5504K, reserved 1056768K
  class space    used 522K, capacity 560K, committed 640K, reserved 1048576K
Event: 5.694 GC heap after
Heap after GC invocations=1 (full 0):
 PSYoungGen      total 37888K, used 4511K [0x0000000775100000, 0x0000000777b00000, 0x00000007c0000000)
  eden space 32768K, 0% used [0x0000000775100000,0x0000000775100000,0x0000000777100000)
  from space 5120K, 88% used [0x0000000777100000,0x0000000777567db0,0x0000000777600000)
  to   space 5120K, 0% used [0x0000000777600000,0x0000000777600000,0x0000000777b00000)
 ParOldGen       total 86016K, used 8K [0x00000006df200000, 0x00000006e4600000, 0x0000000775100000)
  object space 86016K, 0% used [0x00000006df200000,0x00000006df202000,0x00000006e4600000)
 Metaspace       used 4820K, capacity 5376K, committed 5504K, reserved 1056768K
  class space    used 522K, capacity 560K, committed 640K, reserved 1048576K
}
Event: 8.592 GC heap before
{Heap before GC invocations=2 (full 0):
 PSYoungGen      total 37888K, used 37279K [0x0000000775100000, 0x0000000777b00000, 0x00000007c0000000)
  eden space 32768K, 100% used [0x0000000775100000,0x0000000777100000,0x0000000777100000)
  from space 5120K, 88% used [0x0000000777100000,0x0000000777567db0,0x0000000777600000)
  to   space 5120K, 0% used [0x0000000777600000,0x0000000777600000,0x0000000777b00000)
 ParOldGen       total 86016K, used 8K [0x00000006df200000, 0x00000006e4600000, 0x0000000775100000)
  object space 86016K, 0% used [0x00000006df200000,0x00000006df202000,0x00000006e4600000)
 Metaspace       used 8678K, capacity 8784K, committed 8960K, reserved 1056768K
  class space    used 975K, capacity 1008K, committed 1024K, reserved 1048576K
Event: 8.611 GC heap after
Heap after GC invocations=2 (full 0):
 PSYoungGen      total 37888K, used 4771K [0x0000000775100000, 0x0000000777b00000, 0x00000007c0000000)
  eden space 32768K, 0% used [0x0000000775100000,0x0000000775100000,0x0000000777100000)
  from space 5120K, 93% used [0x0000000777600000,0x0000000777aa8ea8,0x0000000777b00000)
  to   space 5120K, 0% used [0x0000000777100000,0x0000000777100000,0x0000000777600000)
 ParOldGen       total 86016K, used 16K [0x00000006df200000, 0x00000006e4600000, 0x0000000775100000)
  object space 86016K, 0% used [0x00000006df200000,0x00000006df204000,0x00000006e4600000)
 Metaspace       used 8678K, capacity 8784K, committed 8960K, reserved 1056768K
  class space    used 975K, capacity 1008K, committed 1024K, reserved 1048576K
}
Event: 10.196 GC heap before
{Heap before GC invocations=3 (full 0):
 PSYoungGen      total 37888K, used 37539K [0x0000000775100000, 0x0000000777b00000, 0x00000007c0000000)
  eden space 32768K, 100% used [0x0000000775100000,0x0000000777100000,0x0000000777100000)
  from space 5120K, 93% used [0x0000000777600000,0x0000000777aa8ea8,0x0000000777b00000)
  to   space 5120K, 0% used [0x0000000777100000,0x0000000777100000,0x0000000777600000)
 ParOldGen       total 86016K, used 16K [0x00000006df200000, 0x00000006e4600000, 0x0000000775100000)
  object space 86016K, 0% used [0x00000006df200000,0x00000006df204000,0x00000006e4600000)
 Metaspace       used 10078K, capacity 10166K, committed 10496K, reserved 1058816K
  class space    used 1122K, capacity 1169K, committed 1280K, reserved 1048576K
Event: 10.235 GC heap after
Heap after GC invocations=3 (full 0):
 PSYoungGen      total 37888K, used 4694K [0x0000000775100000, 0x0000000779b00000, 0x00000007c0000000)
  eden space 32768K, 0% used [0x0000000775100000,0x0000000775100000,0x0000000777100000)
  from space 5120K, 91% used [0x0000000777100000,0x00000007775959f0,0x0000000777600000)
  to   space 5120K, 0% used [0x0000000779600000,0x0000000779600000,0x0000000779b00000)
 ParOldGen       total 86016K, used 16K [0x00000006df200000, 0x00000006e4600000, 0x0000000775100000)
  object space 86016K, 0% used [0x00000006df200000,0x00000006df204000,0x00000006e4600000)
 Metaspace       used 10078K, capacity 10166K, committed 10496K, reserved 1058816K
  class space    used 1122K, capacity 1169K, committed 1280K, reserved 1048576K
}
Event: 11.286 GC heap before
{Heap before GC invocations=4 (full 0):
 PSYoungGen      total 37888K, used 37462K [0x0000000775100000, 0x0000000779b00000, 0x00000007c0000000)
  eden space 32768K, 100% used [0x0000000775100000,0x0000000777100000,0x0000000777100000)
  from space 5120K, 91% used [0x0000000777100000,0x00000007775959f0,0x0000000777600000)
  to   space 5120K, 0% used [0x0000000779600000,0x0000000779600000,0x0000000779b00000)
 ParOldGen       total 86016K, used 16K [0x00000006df200000, 0x00000006e4600000, 0x0000000775100000)
  object space 86016K, 0% used [0x00000006df200000,0x00000006df204000,0x00000006e4600000)
 Metaspace       used 11994K, capacity 12084K, committed 12288K, reserved 1060864K
  class space    used 1255K, capacity 1274K, committed 1280K, reserved 1048576K
Event: 11.309 GC heap after
Heap after GC invocations=4 (full 0):
 PSYoungGen      total 70656K, used 5095K [0x0000000775100000, 0x0000000779b00000, 0x00000007c0000000)
  eden space 65536K, 0% used [0x0000000775100000,0x0000000775100000,0x0000000779100000)
  from space 5120K, 99% used [0x0000000779600000,0x0000000779af9f00,0x0000000779b00000)
  to   space 5120K, 0% used [0x0000000779100000,0x0000000779100000,0x0000000779600000)
 ParOldGen       total 86016K, used 620K [0x00000006df200000, 0x00000006e4600000, 0x0000000775100000)
  object space 86016K, 0% used [0x00000006df200000,0x00000006df29b0b8,0x00000006e4600000)
 Metaspace       used 11994K, capacity 12084K, committed 12288K, reserved 1060864K
  class space    used 1255K, capacity 1274K, committed 1280K, reserved 1048576K
}
Event: 15.288 GC heap before
{Heap before GC invocations=5 (full 0):
 PSYoungGen      total 70656K, used 70631K [0x0000000775100000, 0x0000000779b00000, 0x00000007c0000000)
  eden space 65536K, 100% used [0x0000000775100000,0x0000000779100000,0x0000000779100000)
  from space 5120K, 99% used [0x0000000779600000,0x0000000779af9f00,0x0000000779b00000)
  to   space 5120K, 0% used [0x0000000779100000,0x0000000779100000,0x0000000779600000)
 ParOldGen       total 86016K, used 620K [0x00000006df200000, 0x00000006e4600000, 0x0000000775100000)
  object space 86016K, 0% used [0x00000006df200000,0x00000006df29b0b8,0x00000006e4600000)
 Metaspace       used 15992K, capacity 16182K, committed 16384K, reserved 1064960K
  class space    used 1707K, capacity 1767K, committed 1792K, reserved 1048576K
Event: 15.333 GC heap after
Heap after GC invocations=5 (full 0):
 PSYoungGen      total 70656K, used 5102K [0x0000000775100000, 0x0000000779b00000, 0x00000007c0000000)
  eden space 65536K, 0% used [0x0000000775100000,0x0000000775100000,0x0000000779100000)
  from space 5120K, 99% used [0x0000000779100000,0x00000007795fba80,0x0000000779600000)
  to   space 5120K, 0% used [0x0000000779600000,0x0000000779600000,0x0000000779b00000)
 ParOldGen       total 86016K, used 4348K [0x00000006df200000, 0x00000006e4600000, 0x0000000775100000)
  object space 86016K, 5% used [0x00000006df200000,0x00000006df63f280,0x00000006e4600000)
 Metaspace       used 15992K, capacity 16182K, committed 16384K, reserved 1064960K
  class space    used 1707K, capacity 1767K, committed 1792K, reserved 1048576K
}

