# JRE version: Java(TM) SE Runtime Environment (8.0_181-b13) (build 1.8.0_181-b13)
# Java VM: Java HotSpot(TM) 64-Bit Server VM (25.181-b13 mixed mode windows-amd64 compressed oops)
Heap:
 PSYoungGen      total 117760K, used 26825K [0x0000000775100000, 0x000000077e580000, 0x00000007c0000000)
  eden space 109568K, 17% used [0x0000000775100000,0x000000077635e7c8,0x000000077bc00000)
  from space 8192K, 97% used [0x000000077dd80000,0x000000077e553c50,0x000000077e580000)
  to   space 9728K, 0% used [0x000000077d280000,0x000000077d280000,0x000000077dc00000)
 ParOldGen       total 66048K, used 13540K [0x00000006df200000, 0x00000006e3280000, 0x0000000775100000)
  object space 66048K, 20% used [0x00000006df200000,0x00000006dff390b8,0x00000006e3280000)
 Metaspace       used 29352K, capacity 29974K, committed 30208K, reserved 1075200K
  class space    used 3559K, capacity 3746K, committed 3840K, reserved 1048576K
GC Heap History (10 events):
Event: 165.626 GC heap before
{Heap before GC invocations=9 (full 0):
 PSYoungGen      total 61440K, used 54654K [0x0000000775100000, 0x000000077a000000, 0x00000007c0000000)
  eden space 52224K, 100% used [0x0000000775100000,0x0000000778400000,0x0000000778400000)
  from space 9216K, 26% used [0x0000000778d00000,0x0000000778f5fa38,0x0000000779600000)
  to   space 9216K, 0% used [0x0000000778400000,0x0000000778400000,0x0000000778d00000)
 ParOldGen       total 86016K, used 10022K [0x00000006df200000, 0x00000006e4600000, 0x0000000775100000)
  object space 86016K, 11% used [0x00000006df200000,0x00000006dfbc98d8,0x00000006e4600000)
 Metaspace       used 20128K, capacity 20374K, committed 20608K, reserved 1067008K
  class space    used 2230K, capacity 2341K, committed 2432K, reserved 1048576K
Event: 165.665 GC heap after
Heap after GC invocations=9 (full 0):
 PSYoungGen      total 61440K, used 5250K [0x0000000775100000, 0x000000077b400000, 0x00000007c0000000)
  eden space 52224K, 0% used [0x0000000775100000,0x0000000775100000,0x0000000778400000)
  from space 9216K, 56% used [0x0000000778400000,0x0000000778920b90,0x0000000778d00000)
  to   space 8704K, 0% used [0x000000077ab80000,0x000000077ab80000,0x000000077b400000)
 ParOldGen       total 86016K, used 10466K [0x00000006df200000, 0x00000006e4600000, 0x0000000775100000)
  object space 86016K, 12% used [0x00000006df200000,0x00000006dfc388f8,0x00000006e4600000)
 Metaspace       used 20128K, capacity 20374K, committed 20608K, reserved 1067008K
  class space    used 2230K, capacity 2341K, committed 2432K, reserved 1048576K
}
Event: 181.953 GC heap before
{Heap before GC invocations=10 (full 0):
 PSYoungGen      total 61440K, used 57474K [0x0000000775100000, 0x000000077b400000, 0x00000007c0000000)
  eden space 52224K, 100% used [0x0000000775100000,0x0000000778400000,0x0000000778400000)
  from space 9216K, 56% used [0x0000000778400000,0x0000000778920b90,0x0000000778d00000)
  to   space 8704K, 0% used [0x000000077ab80000,0x000000077ab80000,0x000000077b400000)
 ParOldGen       total 86016K, used 10466K [0x00000006df200000, 0x00000006e4600000, 0x0000000775100000)
  object space 86016K, 12% used [0x00000006df200000,0x00000006dfc388f8,0x00000006e4600000)
 Metaspace       used 20202K, capacity 20528K, committed 20864K, reserved 1067008K
  class space    used 2234K, capacity 2346K, committed 2432K, reserved 1048576K
Event: 182.301 GC heap after
Heap after GC invocations=10 (full 0):
 PSYoungGen      total 92672K, used 3712K [0x0000000775100000, 0x000000077b400000, 0x00000007c0000000)
  eden space 83968K, 0% used [0x0000000775100000,0x0000000775100000,0x000000077a300000)
  from space 8704K, 42% used [0x000000077ab80000,0x000000077af20000,0x000000077b400000)
  to   space 8704K, 0% used [0x000000077a300000,0x000000077a300000,0x000000077ab80000)
 ParOldGen       total 86016K, used 12346K [0x00000006df200000, 0x00000006e4600000, 0x0000000775100000)
  object space 86016K, 14% used [0x00000006df200000,0x00000006dfe0e8f8,0x00000006e4600000)
 Metaspace       used 20202K, capacity 20528K, committed 20864K, reserved 1067008K
  class space    used 2234K, capacity 2346K, committed 2432K, reserved 1048576K
}
Event: 186.756 GC heap before
{Heap before GC invocations=11 (full 0):
 PSYoungGen      total 92672K, used 18798K [0x0000000775100000, 0x000000077b400000, 0x00000007c0000000)
  eden space 83968K, 17% used [0x0000000775100000,0x0000000775fbbaf8,0x000000077a300000)
  from space 8704K, 42% used [0x000000077ab80000,0x000000077af20000,0x000000077b400000)
  to   space 8704K, 0% used [0x000000077a300000,0x000000077a300000,0x000000077ab80000)
 ParOldGen       total 86016K, used 12346K [0x00000006df200000, 0x00000006e4600000, 0x0000000775100000)
  object space 86016K, 14% used [0x00000006df200000,0x00000006dfe0e8f8,0x00000006e4600000)
 Metaspace       used 20904K, capacity 21260K, committed 21296K, reserved 1069056K
  class space    used 2320K, capacity 2431K, committed 2432K, reserved 1048576K
Event: 186.775 GC heap after
Heap after GC invocations=11 (full 0):
 PSYoungGen      total 92672K, used 1038K [0x0000000775100000, 0x000000077e680000, 0x00000007c0000000)
  eden space 83968K, 0% used [0x0000000775100000,0x0000000775100000,0x000000077a300000)
  from space 8704K, 11% used [0x000000077a300000,0x000000077a403ba8,0x000000077ab80000)
  to   space 9216K, 0% used [0x000000077dd80000,0x000000077dd80000,0x000000077e680000)
 ParOldGen       total 86016K, used 16003K [0x00000006df200000, 0x00000006e4600000, 0x0000000775100000)
  object space 86016K, 18% used [0x00000006df200000,0x00000006e01a0ff8,0x00000006e4600000)
 Metaspace       used 20904K, capacity 21260K, committed 21296K, reserved 1069056K
  class space    used 2320K, capacity 2431K, committed 2432K, reserved 1048576K
}
Event: 186.775 GC heap before
{Heap before GC invocations=12 (full 1):
 PSYoungGen      total 92672K, used 1038K [0x0000000775100000, 0x000000077e680000, 0x00000007c0000000)
  eden space 83968K, 0% used [0x0000000775100000,0x0000000775100000,0x000000077a300000)
  from space 8704K, 11% used [0x000000077a300000,0x000000077a403ba8,0x000000077ab80000)
  to   space 9216K, 0% used [0x000000077dd80000,0x000000077dd80000,0x000000077e680000)
 ParOldGen       total 86016K, used 16003K [0x00000006df200000, 0x00000006e4600000, 0x0000000775100000)
  object space 86016K, 18% used [0x00000006df200000,0x00000006e01a0ff8,0x00000006e4600000)
 Metaspace       used 20904K, capacity 21260K, committed 21296K, reserved 1069056K
  class space    used 2320K, capacity 2431K, committed 2432K, reserved 1048576K
Event: 188.458 GC heap after
Heap after GC invocations=12 (full 1):
 PSYoungGen      total 92672K, used 0K [0x0000000775100000, 0x000000077e680000, 0x00000007c0000000)
  eden space 83968K, 0% used [0x0000000775100000,0x0000000775100000,0x000000077a300000)
  from space 8704K, 0% used [0x000000077a300000,0x000000077a300000,0x000000077ab80000)
  to   space 9216K, 0% used [0x000000077dd80000,0x000000077dd80000,0x000000077e680000)
 ParOldGen       total 66048K, used 13532K [0x00000006df200000, 0x00000006e3280000, 0x0000000775100000)
  object space 66048K, 20% used [0x00000006df200000,0x00000006dff370b8,0x00000006e3280000)
 Metaspace       used 20904K, capacity 21260K, committed 21296K, reserved 1069056K
  class space    used 2320K, capacity 2431K, committed 2432K, reserved 1048576K
}
Event: 245.728 GC heap before
{Heap before GC invocations=13 (full 1):
 PSYoungGen      total 92672K, used 83968K [0x0000000775100000, 0x000000077e680000, 0x00000007c0000000)
  eden space 83968K, 100% used [0x0000000775100000,0x000000077a300000,0x000000077a300000)
  from space 8704K, 0% used [0x000000077a300000,0x000000077a300000,0x000000077ab80000)
  to   space 9216K, 0% used [0x000000077dd80000,0x000000077dd80000,0x000000077e680000)
 ParOldGen       total 66048K, used 13532K [0x00000006df200000, 0x00000006e3280000, 0x0000000775100000)
  object space 66048K, 20% used [0x00000006df200000,0x00000006dff370b8,0x00000006e3280000)
 Metaspace       used 27010K, capacity 27430K, committed 27776K, reserved 1073152K
  class space    used 3202K, capacity 3344K, committed 3456K, reserved 1048576K
Event: 245.759 GC heap after
Heap after GC invocations=13 (full 1):
 PSYoungGen      total 117760K, used 8015K [0x0000000775100000, 0x000000077e580000, 0x00000007c0000000)
  eden space 109568K, 0% used [0x0000000775100000,0x0000000775100000,0x000000077bc00000)
  from space 8192K, 97% used [0x000000077dd80000,0x000000077e553c50,0x000000077e580000)
  to   space 9728K, 0% used [0x000000077d280000,0x000000077d280000,0x000000077dc00000)
 ParOldGen       total 66048K, used 13540K [0x00000006df200000, 0x00000006e3280000, 0x0000000775100000)
  object space 66048K, 20% used [0x00000006df200000,0x00000006dff390b8,0x00000006e3280000)
 Metaspace       used 27010K, capacity 27430K, committed 27776K, reserved 1073152K
  class space    used 3202K, capacity 3344K, committed 3456K, reserved 1048576K
}

