# JRE version: Java(TM) SE Runtime Environment (8.0_102-b14) (build 1.8.0_102-b14)
# Java VM: Java HotSpot(TM) 64-Bit Server VM (25.102-b14 mixed mode windows-amd64 compressed oops)
Heap:
 PSYoungGen      total 40448K, used 22564K [0x00000000da180000, 0x00000000df080000, 0x0000000100000000)
  eden space 32256K, 49% used [0x00000000da180000,0x00000000db12d148,0x00000000dc100000)
  from space 8192K, 79% used [0x00000000dc100000,0x00000000dc75c010,0x00000000dc900000)
  to   space 8192K, 0% used [0x00000000de880000,0x00000000de880000,0x00000000df080000)
 ParOldGen       total 86016K, used 6500K [0x000000008e400000, 0x0000000093800000, 0x00000000da180000)
  object space 86016K, 7% used [0x000000008e400000,0x000000008ea59080,0x0000000093800000)
 Metaspace       used 18197K, capacity 18426K, committed 18688K, reserved 1067008K
  class space    used 1941K, capacity 2024K, committed 2048K, reserved 1048576K
GC Heap History (10 events):
Event: 24.045 GC heap before
{Heap before GC invocations=3 (full 0):
 PSYoungGen      total 37888K, used 37879K [0x00000000da180000, 0x00000000dcb80000, 0x0000000100000000)
  eden space 32768K, 100% used [0x00000000da180000,0x00000000dc180000,0x00000000dc180000)
  from space 5120K, 99% used [0x00000000dc680000,0x00000000dcb7dc00,0x00000000dcb80000)
  to   space 5120K, 0% used [0x00000000dc180000,0x00000000dc180000,0x00000000dc680000)
 ParOldGen       total 86016K, used 63K [0x000000008e400000, 0x0000000093800000, 0x00000000da180000)
  object space 86016K, 0% used [0x000000008e400000,0x000000008e40fc60,0x0000000093800000)
 Metaspace       used 11036K, capacity 11116K, committed 11264K, reserved 1058816K
  class space    used 1209K, capacity 1234K, committed 1280K, reserved 1048576K
Event: 24.062 GC heap after
Heap after GC invocations=3 (full 0):
 PSYoungGen      total 37888K, used 5068K [0x00000000da180000, 0x00000000dcb80000, 0x0000000100000000)
  eden space 32768K, 0% used [0x00000000da180000,0x00000000da180000,0x00000000dc180000)
  from space 5120K, 98% used [0x00000000dc180000,0x00000000dc673258,0x00000000dc680000)
  to   space 5120K, 0% used [0x00000000dc680000,0x00000000dc680000,0x00000000dcb80000)
 ParOldGen       total 86016K, used 71K [0x000000008e400000, 0x0000000093800000, 0x00000000da180000)
  object space 86016K, 0% used [0x000000008e400000,0x000000008e411c60,0x0000000093800000)
 Metaspace       used 11036K, capacity 11116K, committed 11264K, reserved 1058816K
  class space    used 1209K, capacity 1234K, committed 1280K, reserved 1048576K
}
Event: 29.961 GC heap before
{Heap before GC invocations=4 (full 0):
 PSYoungGen      total 37888K, used 37836K [0x00000000da180000, 0x00000000dcb80000, 0x0000000100000000)
  eden space 32768K, 100% used [0x00000000da180000,0x00000000dc180000,0x00000000dc180000)
  from space 5120K, 98% used [0x00000000dc180000,0x00000000dc673258,0x00000000dc680000)
  to   space 5120K, 0% used [0x00000000dc680000,0x00000000dc680000,0x00000000dcb80000)
 ParOldGen       total 86016K, used 71K [0x000000008e400000, 0x0000000093800000, 0x00000000da180000)
  object space 86016K, 0% used [0x000000008e400000,0x000000008e411c60,0x0000000093800000)
 Metaspace       used 15506K, capacity 15662K, committed 15872K, reserved 1062912K
  class space    used 1667K, capacity 1749K, committed 1792K, reserved 1048576K
Event: 29.999 GC heap after
Heap after GC invocations=4 (full 0):
 PSYoungGen      total 37888K, used 5103K [0x00000000da180000, 0x00000000dcb80000, 0x0000000100000000)
  eden space 32768K, 0% used [0x00000000da180000,0x00000000da180000,0x00000000dc180000)
  from space 5120K, 99% used [0x00000000dc680000,0x00000000dcb7bc78,0x00000000dcb80000)
  to   space 5120K, 0% used [0x00000000dc180000,0x00000000dc180000,0x00000000dc680000)
 ParOldGen       total 86016K, used 2564K [0x000000008e400000, 0x0000000093800000, 0x00000000da180000)
  object space 86016K, 2% used [0x000000008e400000,0x000000008e681160,0x0000000093800000)
 Metaspace       used 15506K, capacity 15662K, committed 15872K, reserved 1062912K
  class space    used 1667K, capacity 1749K, committed 1792K, reserved 1048576K
}
Event: 35.009 GC heap before
{Heap before GC invocations=5 (full 0):
 PSYoungGen      total 37888K, used 37871K [0x00000000da180000, 0x00000000dcb80000, 0x0000000100000000)
  eden space 32768K, 100% used [0x00000000da180000,0x00000000dc180000,0x00000000dc180000)
  from space 5120K, 99% used [0x00000000dc680000,0x00000000dcb7bc78,0x00000000dcb80000)
  to   space 5120K, 0% used [0x00000000dc180000,0x00000000dc180000,0x00000000dc680000)
 ParOldGen       total 86016K, used 2564K [0x000000008e400000, 0x0000000093800000, 0x00000000da180000)
  object space 86016K, 2% used [0x000000008e400000,0x000000008e681160,0x0000000093800000)
 Metaspace       used 16037K, capacity 16330K, committed 16768K, reserved 1064960K
  class space    used 1702K, capacity 1800K, committed 1920K, reserved 1048576K
Event: 35.107 GC heap after
Heap after GC invocations=5 (full 0):
 PSYoungGen      total 37376K, used 5098K [0x00000000da180000, 0x00000000dd100000, 0x0000000100000000)
  eden space 32256K, 0% used [0x00000000da180000,0x00000000da180000,0x00000000dc100000)
  from space 5120K, 99% used [0x00000000dc180000,0x00000000dc67a838,0x00000000dc680000)
  to   space 8192K, 0% used [0x00000000dc900000,0x00000000dc900000,0x00000000dd100000)
 ParOldGen       total 86016K, used 3954K [0x000000008e400000, 0x0000000093800000, 0x00000000da180000)
  object space 86016K, 4% used [0x000000008e400000,0x000000008e7dc818,0x0000000093800000)
 Metaspace       used 16037K, capacity 16330K, committed 16768K, reserved 1064960K
  class space    used 1702K, capacity 1800K, committed 1920K, reserved 1048576K
}
Event: 38.531 GC heap before
{Heap before GC invocations=6 (full 0):
 PSYoungGen      total 37376K, used 37354K [0x00000000da180000, 0x00000000dd100000, 0x0000000100000000)
  eden space 32256K, 100% used [0x00000000da180000,0x00000000dc100000,0x00000000dc100000)
  from space 5120K, 99% used [0x00000000dc180000,0x00000000dc67a838,0x00000000dc680000)
  to   space 8192K, 0% used [0x00000000dc900000,0x00000000dc900000,0x00000000dd100000)
 ParOldGen       total 86016K, used 3954K [0x000000008e400000, 0x0000000093800000, 0x00000000da180000)
  object space 86016K, 4% used [0x000000008e400000,0x000000008e7dc818,0x0000000093800000)
 Metaspace       used 17601K, capacity 17824K, committed 18176K, reserved 1064960K
  class space    used 1869K, capacity 1980K, committed 2048K, reserved 1048576K
Event: 38.689 GC heap after
Heap after GC invocations=6 (full 0):
 PSYoungGen      total 40448K, used 6854K [0x00000000da180000, 0x00000000df080000, 0x0000000100000000)
  eden space 32256K, 0% used [0x00000000da180000,0x00000000da180000,0x00000000dc100000)
  from space 8192K, 83% used [0x00000000dc900000,0x00000000dcfb1b30,0x00000000dd100000)
  to   space 8192K, 0% used [0x00000000dc100000,0x00000000dc100000,0x00000000dc900000)
 ParOldGen       total 86016K, used 3962K [0x000000008e400000, 0x0000000093800000, 0x00000000da180000)
  object space 86016K, 4% used [0x000000008e400000,0x000000008e7de818,0x0000000093800000)
 Metaspace       used 17601K, capacity 17824K, committed 18176K, reserved 1064960K
  class space    used 1869K, capacity 1980K, committed 2048K, reserved 1048576K
}
Event: 41.247 GC heap before
{Heap before GC invocations=7 (full 0):
 PSYoungGen      total 40448K, used 39110K [0x00000000da180000, 0x00000000df080000, 0x0000000100000000)
  eden space 32256K, 100% used [0x00000000da180000,0x00000000dc100000,0x00000000dc100000)
  from space 8192K, 83% used [0x00000000dc900000,0x00000000dcfb1b30,0x00000000dd100000)
  to   space 8192K, 0% used [0x00000000dc100000,0x00000000dc100000,0x00000000dc900000)
 ParOldGen       total 86016K, used 3962K [0x000000008e400000, 0x0000000093800000, 0x00000000da180000)
  object space 86016K, 4% used [0x000000008e400000,0x000000008e7de818,0x0000000093800000)
 Metaspace       used 17706K, capacity 17978K, committed 18176K, reserved 1064960K
  class space    used 1878K, capacity 1985K, committed 2048K, reserved 1048576K
Event: 41.289 GC heap after
Heap after GC invocations=7 (full 0):
 PSYoungGen      total 40448K, used 6512K [0x00000000da180000, 0x00000000df080000, 0x0000000100000000)
  eden space 32256K, 0% used [0x00000000da180000,0x00000000da180000,0x00000000dc100000)
  from space 8192K, 79% used [0x00000000dc100000,0x00000000dc75c010,0x00000000dc900000)
  to   space 8192K, 0% used [0x00000000de880000,0x00000000de880000,0x00000000df080000)
 ParOldGen       total 86016K, used 6500K [0x000000008e400000, 0x0000000093800000, 0x00000000da180000)
  object space 86016K, 7% used [0x000000008e400000,0x000000008ea59080,0x0000000093800000)
 Metaspace       used 17706K, capacity 17978K, committed 18176K, reserved 1064960K
  class space    used 1878K, capacity 1985K, committed 2048K, reserved 1048576K
}

