# JRE version: Java(TM) SE Runtime Environment (8.0_181-b13) (build 1.8.0_181-b13)
# Java VM: Java HotSpot(TM) 64-Bit Server VM (25.181-b13 mixed mode windows-amd64 compressed oops)
Heap:
 PSYoungGen      total 37888K, used 27330K [0x00000000da180000, 0x00000000dcb80000, 0x0000000100000000)
  eden space 32768K, 67% used [0x00000000da180000,0x00000000db737200,0x00000000dc180000)
  from space 5120K, 99% used [0x00000000dc680000,0x00000000dcb79740,0x00000000dcb80000)
  to   space 5120K, 0% used [0x00000000dc180000,0x00000000dc180000,0x00000000dc680000)
 ParOldGen       total 86016K, used 4845K [0x000000008e400000, 0x0000000093800000, 0x00000000da180000)
  object space 86016K, 5% used [0x000000008e400000,0x000000008e8bb518,0x0000000093800000)
 Metaspace       used 18796K, capacity 19018K, committed 19456K, reserved 1067008K
  class space    used 2090K, capacity 2183K, committed 2304K, reserved 1048576K
GC Heap History (10 events):
Event: 5.850 GC heap before
{Heap before GC invocations=2 (full 0):
 PSYoungGen      total 37888K, used 37135K [0x00000000da180000, 0x00000000dcb80000, 0x0000000100000000)
  eden space 32768K, 100% used [0x00000000da180000,0x00000000dc180000,0x00000000dc180000)
  from space 5120K, 85% used [0x00000000dc180000,0x00000000dc5c3e18,0x00000000dc680000)
  to   space 5120K, 0% used [0x00000000dc680000,0x00000000dc680000,0x00000000dcb80000)
 ParOldGen       total 86016K, used 8K [0x000000008e400000, 0x0000000093800000, 0x00000000da180000)
  object space 86016K, 0% used [0x000000008e400000,0x000000008e402000,0x0000000093800000)
 Metaspace       used 8253K, capacity 8336K, committed 8448K, reserved 1056768K
  class space    used 915K, capacity 944K, committed 1024K, reserved 1048576K
Event: 5.868 GC heap after
Heap after GC invocations=2 (full 0):
 PSYoungGen      total 37888K, used 4657K [0x00000000da180000, 0x00000000dcb80000, 0x0000000100000000)
  eden space 32768K, 0% used [0x00000000da180000,0x00000000da180000,0x00000000dc180000)
  from space 5120K, 90% used [0x00000000dc680000,0x00000000dcb0c630,0x00000000dcb80000)
  to   space 5120K, 0% used [0x00000000dc180000,0x00000000dc180000,0x00000000dc680000)
 ParOldGen       total 86016K, used 8K [0x000000008e400000, 0x0000000093800000, 0x00000000da180000)
  object space 86016K, 0% used [0x000000008e400000,0x000000008e402000,0x0000000093800000)
 Metaspace       used 8253K, capacity 8336K, committed 8448K, reserved 1056768K
  class space    used 915K, capacity 944K, committed 1024K, reserved 1048576K
}
Event: 6.905 GC heap before
{Heap before GC invocations=3 (full 0):
 PSYoungGen      total 37888K, used 37425K [0x00000000da180000, 0x00000000dcb80000, 0x0000000100000000)
  eden space 32768K, 100% used [0x00000000da180000,0x00000000dc180000,0x00000000dc180000)
  from space 5120K, 90% used [0x00000000dc680000,0x00000000dcb0c630,0x00000000dcb80000)
  to   space 5120K, 0% used [0x00000000dc180000,0x00000000dc180000,0x00000000dc680000)
 ParOldGen       total 86016K, used 8K [0x000000008e400000, 0x0000000093800000, 0x00000000da180000)
  object space 86016K, 0% used [0x000000008e400000,0x000000008e402000,0x0000000093800000)
 Metaspace       used 10053K, capacity 10166K, committed 10496K, reserved 1058816K
  class space    used 1120K, capacity 1169K, committed 1280K, reserved 1048576K
Event: 6.936 GC heap after
Heap after GC invocations=3 (full 0):
 PSYoungGen      total 37888K, used 5117K [0x00000000da180000, 0x00000000dcb80000, 0x0000000100000000)
  eden space 32768K, 0% used [0x00000000da180000,0x00000000da180000,0x00000000dc180000)
  from space 5120K, 99% used [0x00000000dc180000,0x00000000dc67f4a8,0x00000000dc680000)
  to   space 5120K, 0% used [0x00000000dc680000,0x00000000dc680000,0x00000000dcb80000)
 ParOldGen       total 86016K, used 94K [0x000000008e400000, 0x0000000093800000, 0x00000000da180000)
  object space 86016K, 0% used [0x000000008e400000,0x000000008e417860,0x0000000093800000)
 Metaspace       used 10053K, capacity 10166K, committed 10496K, reserved 1058816K
  class space    used 1120K, capacity 1169K, committed 1280K, reserved 1048576K
}
Event: 7.732 GC heap before
{Heap before GC invocations=4 (full 0):
 PSYoungGen      total 37888K, used 37885K [0x00000000da180000, 0x00000000dcb80000, 0x0000000100000000)
  eden space 32768K, 100% used [0x00000000da180000,0x00000000dc180000,0x00000000dc180000)
  from space 5120K, 99% used [0x00000000dc180000,0x00000000dc67f4a8,0x00000000dc680000)
  to   space 5120K, 0% used [0x00000000dc680000,0x00000000dc680000,0x00000000dcb80000)
 ParOldGen       total 86016K, used 94K [0x000000008e400000, 0x0000000093800000, 0x00000000da180000)
  object space 86016K, 0% used [0x000000008e400000,0x000000008e417860,0x0000000093800000)
 Metaspace       used 10229K, capacity 10294K, committed 10496K, reserved 1058816K
  class space    used 1127K, capacity 1169K, committed 1280K, reserved 1048576K
Event: 7.760 GC heap after
Heap after GC invocations=4 (full 0):
 PSYoungGen      total 37888K, used 4455K [0x00000000da180000, 0x00000000dcb80000, 0x0000000100000000)
  eden space 32768K, 0% used [0x00000000da180000,0x00000000da180000,0x00000000dc180000)
  from space 5120K, 87% used [0x00000000dc680000,0x00000000dcad9cf8,0x00000000dcb80000)
  to   space 5120K, 0% used [0x00000000dc180000,0x00000000dc180000,0x00000000dc680000)
 ParOldGen       total 86016K, used 102K [0x000000008e400000, 0x0000000093800000, 0x00000000da180000)
  object space 86016K, 0% used [0x000000008e400000,0x000000008e419860,0x0000000093800000)
 Metaspace       used 10229K, capacity 10294K, committed 10496K, reserved 1058816K
  class space    used 1127K, capacity 1169K, committed 1280K, reserved 1048576K
}
Event: 8.638 GC heap before
{Heap before GC invocations=5 (full 0):
 PSYoungGen      total 37888K, used 37223K [0x00000000da180000, 0x00000000dcb80000, 0x0000000100000000)
  eden space 32768K, 100% used [0x00000000da180000,0x00000000dc180000,0x00000000dc180000)
  from space 5120K, 87% used [0x00000000dc680000,0x00000000dcad9cf8,0x00000000dcb80000)
  to   space 5120K, 0% used [0x00000000dc180000,0x00000000dc180000,0x00000000dc680000)
 ParOldGen       total 86016K, used 102K [0x000000008e400000, 0x0000000093800000, 0x00000000da180000)
  object space 86016K, 0% used [0x000000008e400000,0x000000008e419860,0x0000000093800000)
 Metaspace       used 12120K, capacity 12250K, committed 12416K, reserved 1060864K
  class space    used 1265K, capacity 1308K, committed 1408K, reserved 1048576K
Event: 8.657 GC heap after
Heap after GC invocations=5 (full 0):
 PSYoungGen      total 37888K, used 5103K [0x00000000da180000, 0x00000000dcb80000, 0x0000000100000000)
  eden space 32768K, 0% used [0x00000000da180000,0x00000000da180000,0x00000000dc180000)
  from space 5120K, 99% used [0x00000000dc180000,0x00000000dc67bf90,0x00000000dc680000)
  to   space 5120K, 0% used [0x00000000dc680000,0x00000000dc680000,0x00000000dcb80000)
 ParOldGen       total 86016K, used 926K [0x000000008e400000, 0x0000000093800000, 0x00000000da180000)
  object space 86016K, 1% used [0x000000008e400000,0x000000008e4e7ba8,0x0000000093800000)
 Metaspace       used 12120K, capacity 12250K, committed 12416K, reserved 1060864K
  class space    used 1265K, capacity 1308K, committed 1408K, reserved 1048576K
}
Event: 10.669 GC heap before
{Heap before GC invocations=6 (full 0):
 PSYoungGen      total 37888K, used 37871K [0x00000000da180000, 0x00000000dcb80000, 0x0000000100000000)
  eden space 32768K, 100% used [0x00000000da180000,0x00000000dc180000,0x00000000dc180000)
  from space 5120K, 99% used [0x00000000dc180000,0x00000000dc67bf90,0x00000000dc680000)
  to   space 5120K, 0% used [0x00000000dc680000,0x00000000dc680000,0x00000000dcb80000)
 ParOldGen       total 86016K, used 926K [0x000000008e400000, 0x0000000093800000, 0x00000000da180000)
  object space 86016K, 1% used [0x000000008e400000,0x000000008e4e7ba8,0x0000000093800000)
 Metaspace       used 17231K, capacity 17408K, committed 17664K, reserved 1064960K
  class space    used 1916K, capacity 1965K, committed 2048K, reserved 1048576K
Event: 10.699 GC heap after
Heap after GC invocations=6 (full 0):
 PSYoungGen      total 37888K, used 5093K [0x00000000da180000, 0x00000000dcb80000, 0x0000000100000000)
  eden space 32768K, 0% used [0x00000000da180000,0x00000000da180000,0x00000000dc180000)
  from space 5120K, 99% used [0x00000000dc680000,0x00000000dcb79740,0x00000000dcb80000)
  to   space 5120K, 0% used [0x00000000dc180000,0x00000000dc180000,0x00000000dc680000)
 ParOldGen       total 86016K, used 4845K [0x000000008e400000, 0x0000000093800000, 0x00000000da180000)
  object space 86016K, 5% used [0x000000008e400000,0x000000008e8bb518,0x0000000093800000)
 Metaspace       used 17231K, capacity 17408K, committed 17664K, reserved 1064960K
  class space    used 1916K, capacity 1965K, committed 2048K, reserved 1048576K
}

