<?xml version="1.0" encoding="UTF-8"?>
<testsuites name="RegressionTestSuite" time="726" tests="26" failures="0" errors="0">
   <testsuite name="RegressionTestSuite" tests="26" failures="0" errors="0" time="726" timestamp="2019-05-18 09:47:36" hostname="LAPTOP-AK5DO7TK$ - LAPTOP-AK5DO7TK" id="Test Suites/RegressionTestSuite">
      <properties>
         <property name="deviceName" value=""/>
         <property name="devicePlatform" value=""/>
         <property name="logFolder" value="C:\\Users\\fitim\\.git\\KatalonProject\\Reports\\RegressionTestSuite\\20190518_094723"/>
         <property name="logFiles" value="C:\\Users\\fitim\\.git\\KatalonProject\\Reports\\RegressionTestSuite\\20190518_094723\\execution0.log"/>
         <property name="attachments" value="C:\\Users\\fitim\\.git\\KatalonProject\\Reports\\RegressionTestSuite\\20190518_094723\\1558162214052.png, C:\\Users\\fitim\\Desktop\\Katalon Studio\\screenshots\\picture.png, C:\\Users\\fitim\\.git\\KatalonProject\\Reports\\RegressionTestSuite\\20190518_094723\\1558162371702.png"/>
         <property name="hostName" value="LAPTOP-AK5DO7TK$ - LAPTOP-AK5DO7TK"/>
         <property name="os" value="Windows 10 64bit"/>
         <property name="katalonVersion" value="6.1.2.2"/>
         <property name="browser" value="Chrome 74.0.3729.157"/>
         <property name="hostAddress" value="192.168.0.15"/>
         <property name="sessionId" value="c5d3dab6ac6e2360bcdc843fa8bc78b9"/>
         <property name="seleniumVersion" value="3.141.5"/>
         <property name="proxyInformation" value="ProxyInformation{proxyOption=NO_PROXY, proxyServerType=HTTP, password=, proxyServerAddress=, proxyServerPort=0}"/>
         <property name="platform" value="Windows 10"/>
      </properties>
      <testcase name="Test Cases/CucumberBDD/CucumberFeatureCall" classname="Test Cases/CucumberBDD/CucumberFeatureCall" status="PASSED">
         <system-out><![CDATA[2019-05-18 09:47:37 - [TEST_CASE][PASSED] - Test Cases/CucumberBDD/CucumberFeatureCall: Test Cases/CucumberBDD/CucumberFeatureCall

2019-05-18 09:47:38 - [TEST_STEP][PASSED] - Start listener action : sampleBeforeTestCase: null

2019-05-18 09:47:38 - [TEST_STEP][PASSED] - println(testCaseContext.getTestCaseId()): null

2019-05-18 09:47:38 - [TEST_STEP][PASSED] - println(testCaseContext.getTestCaseVariables()): null

2019-05-18 09:47:39 - [TEST_STEP][PASSED] - runFeatureFile("Include/features/NewFeatureFile.feature"): Feature file: 'Include/features/NewFeatureFile.feature' was passed

2019-05-18 09:47:40 - [MESSAGE][INFO] - Starting run keyword runFeatureFile: 'Include/features/NewFeatureFile.feature' and extract report to folder: 'C:\Users\fitim\.git\KatalonProject\Reports\RegressionTestSuite\20190518_094723/cucumber_report/1558162060443'...

2019-05-18 09:47:50 - [TEST_CASE][PASSED] - Start Test Case : SCENARIO Login with a valid credential: SCENARIO Login with a valid credential

2019-05-18 09:47:50 - [TEST_STEP][PASSED] - I navigate to Cura System homepage: I navigate to Cura System homepage

2019-05-18 09:47:53 - [MESSAGE][INFO] - Starting 'Chrome' driver

2019-05-18 09:47:53 - [MESSAGE][INFO] - User set preference: ['args', '[--disable-infobars, --no-sandbox]']

2019-05-18 09:47:54 - [MESSAGE][INFO] - Action delay is set to 0 seconds

2019-05-18 09:48:11 - [MESSAGE][PASSED] - Browser is opened with url: 'http://demoaut.katalon.com'

2019-05-18 09:48:11 - [MESSAGE][PASSED] - I navigate to Cura System homepage

2019-05-18 09:48:11 - [TEST_STEP][PASSED] - I click Make Appointment button: I click Make Appointment button

2019-05-18 09:48:12 - [MESSAGE][PASSED] - Object: 'Object Repository/katalon_5_3_katalon_demo/Page_CURAHealthcareService/a_MakeAppointment' is clicked on

2019-05-18 09:48:12 - [MESSAGE][PASSED] - I click Make Appointment button

2019-05-18 09:48:12 - [TEST_STEP][PASSED] - I enter username John Doe and password ThisIsNotAPassword: I enter username John Doe and password ThisIsNotAPassword

2019-05-18 09:48:13 - [MESSAGE][PASSED] - Text 'John Doe' is set on object 'Object Repository/katalon_5_3_katalon_demo/Page_CURAHealthcareService/input_username'

2019-05-18 09:48:14 - [MESSAGE][PASSED] - Text 'ThisIsNotAPassword' is set on object 'Object Repository/katalon_5_3_katalon_demo/Page_CURAHealthcareService/input_password'

2019-05-18 09:48:14 - [MESSAGE][PASSED] - I enter username John Doe and password ThisIsNotAPassword

2019-05-18 09:48:14 - [TEST_STEP][PASSED] - I click Log in button: I click Log in button

2019-05-18 09:48:14 - [MESSAGE][PASSED] - Object: 'Object Repository/katalon_5_3_katalon_demo/Page_CURAHealthcareService/button_Login' is clicked on

2019-05-18 09:48:14 - [MESSAGE][PASSED] - I click Log in button

2019-05-18 09:48:14 - [TEST_STEP][PASSED] - I should be able to login successfully: I should be able to login successfully

2019-05-18 09:48:15 - [MESSAGE][PASSED] - Browser is closed

2019-05-18 09:48:15 - [MESSAGE][PASSED] - I should be able to login successfully

2019-05-18 09:48:15 - [TEST_CASE][PASSED] - Start Test Case : SCENARIO Login with an invalid credential: SCENARIO Login with an invalid credential

2019-05-18 09:48:15 - [TEST_STEP][PASSED] - I navigate to Cura System homepage: I navigate to Cura System homepage

2019-05-18 09:48:15 - [MESSAGE][INFO] - Starting 'Chrome' driver

2019-05-18 09:48:15 - [MESSAGE][INFO] - User set preference: ['args', '[--disable-infobars, --no-sandbox]']

2019-05-18 09:48:22 - [MESSAGE][PASSED] - Browser is opened with url: 'http://demoaut.katalon.com'

2019-05-18 09:48:22 - [MESSAGE][PASSED] - I navigate to Cura System homepage

2019-05-18 09:48:22 - [TEST_STEP][PASSED] - I click Make Appointment button: I click Make Appointment button

2019-05-18 09:48:23 - [MESSAGE][PASSED] - Object: 'Object Repository/katalon_5_3_katalon_demo/Page_CURAHealthcareService/a_MakeAppointment' is clicked on

2019-05-18 09:48:23 - [MESSAGE][PASSED] - I click Make Appointment button

2019-05-18 09:48:23 - [TEST_STEP][PASSED] - I enter an invalid username Jane Doe and password ThisIsNotAPassword: I enter an invalid username Jane Doe and password ThisIsNotAPassword

2019-05-18 09:48:24 - [MESSAGE][PASSED] - Text 'Jane Doe' is set on object 'Object Repository/katalon_5_3_katalon_demo/Page_CURAHealthcareService/input_username'

2019-05-18 09:48:24 - [MESSAGE][PASSED] - Text 'ThisIsNotAPassword' is set on object 'Object Repository/katalon_5_3_katalon_demo/Page_CURAHealthcareService/input_password'

2019-05-18 09:48:24 - [MESSAGE][PASSED] - I enter an invalid username Jane Doe and password ThisIsNotAPassword

2019-05-18 09:48:24 - [TEST_STEP][PASSED] - I click Log in button: I click Log in button

2019-05-18 09:48:25 - [MESSAGE][PASSED] - Object: 'Object Repository/katalon_5_3_katalon_demo/Page_CURAHealthcareService/button_Login' is clicked on

2019-05-18 09:48:25 - [MESSAGE][PASSED] - I click Log in button

2019-05-18 09:48:25 - [TEST_STEP][PASSED] - I should NOT be able to login successfully: I should NOT be able to login successfully

2019-05-18 09:48:25 - [MESSAGE][PASSED] - Text 'Login failed! Please ensure the username and password are valid.' is present on page 

2019-05-18 09:48:26 - [MESSAGE][PASSED] - Browser is closed

2019-05-18 09:48:26 - [MESSAGE][PASSED] - I should NOT be able to login successfully

2019-05-18 09:48:26 - [MESSAGE][PASSED] - Feature file: 'Include/features/NewFeatureFile.feature' was passed]]></system-out>
         <system-err><![CDATA[]]></system-err>
      </testcase>
      <testcase name="Test Cases/Web Application/Data Driven Test case FOR LOOP" classname="Test Cases/Web Application/Data Driven Test case FOR LOOP" status="PASSED">
         <system-out><![CDATA[2019-05-18 09:48:26 - [TEST_CASE][PASSED] - Test Cases/Web Application/Data Driven Test case FOR LOOP: Test Cases/Web Application/Data Driven Test case FOR LOOP

2019-05-18 09:48:27 - [TEST_STEP][PASSED] - Start listener action : sampleBeforeTestCase: null

2019-05-18 09:48:27 - [TEST_STEP][PASSED] - println(testCaseContext.getTestCaseId()): null

2019-05-18 09:48:27 - [TEST_STEP][PASSED] - println(testCaseContext.getTestCaseVariables()): null

2019-05-18 09:48:27 - [TEST_STEP][PASSED] - data = findTestData("Login/LoginTestData"): null

2019-05-18 09:48:27 - [TEST_STEP][PASSED] - for (def index : (0..(data.getRowNumbers() - 1))): Browser is closed

2019-05-18 09:48:27 - [TEST_STEP][PASSED] - openBrowser(""): Browser is opened with url: ''

2019-05-18 09:48:27 - [MESSAGE][INFO] - Starting 'Chrome' driver

2019-05-18 09:48:27 - [MESSAGE][INFO] - User set preference: ['args', '[--disable-infobars, --no-sandbox]']

2019-05-18 09:48:31 - [MESSAGE][PASSED] - Browser is opened with url: ''

2019-05-18 09:48:31 - [TEST_STEP][PASSED] - navigateToUrl(URL_Application): Navigate to 'http://demoaut.katalon.com/' successfully

2019-05-18 09:48:42 - [MESSAGE][PASSED] - Navigate to 'http://demoaut.katalon.com/' successfully

2019-05-18 09:48:42 - [TEST_STEP][PASSED] - click(findTestObject("LoginPage-of-DemoApplication/a_MakeAppointment")): Object: 'Object Repository/LoginPage-of-DemoApplication/a_MakeAppointment' is clicked on

2019-05-18 09:48:43 - [MESSAGE][PASSED] - Object: 'Object Repository/LoginPage-of-DemoApplication/a_MakeAppointment' is clicked on

2019-05-18 09:48:43 - [TEST_STEP][PASSED] - setText(findTestObject("LoginPage-of-DemoApplication/input_username"), data.internallyGetValue("user", index)): Text 'John Doe' is set on object 'Object Repository/LoginPage-of-DemoApplication/input_username'

2019-05-18 09:48:44 - [MESSAGE][PASSED] - Text 'John Doe' is set on object 'Object Repository/LoginPage-of-DemoApplication/input_username'

2019-05-18 09:48:44 - [TEST_STEP][PASSED] - setText(findTestObject("LoginPage-of-DemoApplication/input_password"), data.internallyGetValue("pass", index)): Text 'ThisIsNotAPassword' is set on object 'Object Repository/LoginPage-of-DemoApplication/input_password'

2019-05-18 09:48:45 - [MESSAGE][PASSED] - Text 'ThisIsNotAPassword' is set on object 'Object Repository/LoginPage-of-DemoApplication/input_password'

2019-05-18 09:48:45 - [TEST_STEP][PASSED] - click(findTestObject("LoginPage-of-DemoApplication/button_Login")): Object: 'Object Repository/LoginPage-of-DemoApplication/button_Login' is clicked on

2019-05-18 09:48:45 - [MESSAGE][PASSED] - Object: 'Object Repository/LoginPage-of-DemoApplication/button_Login' is clicked on

2019-05-18 09:48:45 - [TEST_STEP][PASSED] - closeBrowser(): Browser is closed

2019-05-18 09:48:46 - [MESSAGE][PASSED] - Browser is closed

2019-05-18 09:48:46 - [TEST_STEP][PASSED] - openBrowser(""): Browser is opened with url: ''

2019-05-18 09:48:46 - [MESSAGE][INFO] - Starting 'Chrome' driver

2019-05-18 09:48:46 - [MESSAGE][INFO] - User set preference: ['args', '[--disable-infobars, --no-sandbox]']

2019-05-18 09:48:50 - [MESSAGE][PASSED] - Browser is opened with url: ''

2019-05-18 09:48:50 - [TEST_STEP][PASSED] - navigateToUrl(URL_Application): Navigate to 'http://demoaut.katalon.com/' successfully

2019-05-18 09:48:54 - [MESSAGE][PASSED] - Navigate to 'http://demoaut.katalon.com/' successfully

2019-05-18 09:48:54 - [TEST_STEP][PASSED] - click(findTestObject("LoginPage-of-DemoApplication/a_MakeAppointment")): Object: 'Object Repository/LoginPage-of-DemoApplication/a_MakeAppointment' is clicked on

2019-05-18 09:48:54 - [MESSAGE][PASSED] - Object: 'Object Repository/LoginPage-of-DemoApplication/a_MakeAppointment' is clicked on

2019-05-18 09:48:54 - [TEST_STEP][PASSED] - setText(findTestObject("LoginPage-of-DemoApplication/input_username"), data.internallyGetValue("user", index)): Text 'cat' is set on object 'Object Repository/LoginPage-of-DemoApplication/input_username'

2019-05-18 09:48:55 - [MESSAGE][PASSED] - Text 'cat' is set on object 'Object Repository/LoginPage-of-DemoApplication/input_username'

2019-05-18 09:48:55 - [TEST_STEP][PASSED] - setText(findTestObject("LoginPage-of-DemoApplication/input_password"), data.internallyGetValue("pass", index)): Text 'mat' is set on object 'Object Repository/LoginPage-of-DemoApplication/input_password'

2019-05-18 09:48:55 - [MESSAGE][PASSED] - Text 'mat' is set on object 'Object Repository/LoginPage-of-DemoApplication/input_password'

2019-05-18 09:48:55 - [TEST_STEP][PASSED] - click(findTestObject("LoginPage-of-DemoApplication/button_Login")): Object: 'Object Repository/LoginPage-of-DemoApplication/button_Login' is clicked on

2019-05-18 09:48:56 - [MESSAGE][PASSED] - Object: 'Object Repository/LoginPage-of-DemoApplication/button_Login' is clicked on

2019-05-18 09:48:56 - [TEST_STEP][PASSED] - closeBrowser(): Browser is closed

2019-05-18 09:48:57 - [MESSAGE][PASSED] - Browser is closed

2019-05-18 09:48:57 - [TEST_STEP][PASSED] - openBrowser(""): Browser is opened with url: ''

2019-05-18 09:48:57 - [MESSAGE][INFO] - Starting 'Chrome' driver

2019-05-18 09:48:57 - [MESSAGE][INFO] - User set preference: ['args', '[--disable-infobars, --no-sandbox]']

2019-05-18 09:49:00 - [MESSAGE][PASSED] - Browser is opened with url: ''

2019-05-18 09:49:00 - [TEST_STEP][PASSED] - navigateToUrl(URL_Application): Navigate to 'http://demoaut.katalon.com/' successfully

2019-05-18 09:49:04 - [MESSAGE][PASSED] - Navigate to 'http://demoaut.katalon.com/' successfully

2019-05-18 09:49:04 - [TEST_STEP][PASSED] - click(findTestObject("LoginPage-of-DemoApplication/a_MakeAppointment")): Object: 'Object Repository/LoginPage-of-DemoApplication/a_MakeAppointment' is clicked on

2019-05-18 09:49:05 - [MESSAGE][PASSED] - Object: 'Object Repository/LoginPage-of-DemoApplication/a_MakeAppointment' is clicked on

2019-05-18 09:49:05 - [TEST_STEP][PASSED] - setText(findTestObject("LoginPage-of-DemoApplication/input_username"), data.internallyGetValue("user", index)): Text 'John Doe' is set on object 'Object Repository/LoginPage-of-DemoApplication/input_username'

2019-05-18 09:49:06 - [MESSAGE][PASSED] - Text 'John Doe' is set on object 'Object Repository/LoginPage-of-DemoApplication/input_username'

2019-05-18 09:49:06 - [TEST_STEP][PASSED] - setText(findTestObject("LoginPage-of-DemoApplication/input_password"), data.internallyGetValue("pass", index)): Text 'ThisIsNotAPassword' is set on object 'Object Repository/LoginPage-of-DemoApplication/input_password'

2019-05-18 09:49:07 - [MESSAGE][PASSED] - Text 'ThisIsNotAPassword' is set on object 'Object Repository/LoginPage-of-DemoApplication/input_password'

2019-05-18 09:49:07 - [TEST_STEP][PASSED] - click(findTestObject("LoginPage-of-DemoApplication/button_Login")): Object: 'Object Repository/LoginPage-of-DemoApplication/button_Login' is clicked on

2019-05-18 09:49:08 - [MESSAGE][PASSED] - Object: 'Object Repository/LoginPage-of-DemoApplication/button_Login' is clicked on

2019-05-18 09:49:08 - [TEST_STEP][PASSED] - closeBrowser(): Browser is closed

2019-05-18 09:49:09 - [MESSAGE][PASSED] - Browser is closed]]></system-out>
         <system-err><![CDATA[]]></system-err>
      </testcase>
      <testcase name="Test Cases/Demo/demotest" classname="Test Cases/Demo/demotest" status="PASSED">
         <system-out><![CDATA[2019-05-18 09:49:09 - [TEST_CASE][PASSED] - Test Cases/Demo/demotest: Test Cases/Demo/demotest

2019-05-18 09:49:09 - [TEST_STEP][PASSED] - Start listener action : sampleBeforeTestCase: null

2019-05-18 09:49:09 - [TEST_STEP][PASSED] - println(testCaseContext.getTestCaseId()): null

2019-05-18 09:49:09 - [TEST_STEP][PASSED] - println(testCaseContext.getTestCaseVariables()): null

2019-05-18 09:49:11 - [TEST_STEP][PASSED] - c = Calendar.getInstance(): null

2019-05-18 09:49:11 - [TEST_STEP][PASSED] - monthMaxDays = c.getActualMaximum(DAY_OF_MONTH): null

2019-05-18 09:49:11 - [TEST_STEP][PASSED] - println("Current month count of dates: " + monthMaxDays): null

2019-05-18 09:49:11 - [TEST_STEP][PASSED] - day = c.get(DATE): null

2019-05-18 09:49:11 - [TEST_STEP][PASSED] - println("day " + day): null

2019-05-18 09:49:11 - [TEST_STEP][PASSED] - validDays = monthMaxDays - day: null

2019-05-18 09:49:11 - [TEST_STEP][PASSED] - println("Valid calendar days in month: " + validDays): null

2019-05-18 09:49:11 - [TEST_STEP][PASSED] - startDate = monthMaxDays - validDays: null

2019-05-18 09:49:11 - [TEST_STEP][PASSED] - strStartDate = startDate.toString(): null

2019-05-18 09:49:11 - [TEST_STEP][PASSED] - x = startDate: null

2019-05-18 09:49:11 - [TEST_STEP][PASSED] - (x++): null

2019-05-18 09:49:11 - [TEST_STEP][PASSED] - println("start date " + x): null

2019-05-18 09:49:11 - [TEST_STEP][PASSED] - openBrowser("https://www.katalon.com/"): Browser is opened with url: 'https://www.katalon.com/'

2019-05-18 09:49:11 - [MESSAGE][INFO] - Starting 'Chrome' driver

2019-05-18 09:49:11 - [MESSAGE][INFO] - User set preference: ['args', '[--disable-infobars, --no-sandbox]']

2019-05-18 09:49:24 - [MESSAGE][PASSED] - Browser is opened with url: 'https://www.katalon.com/'

2019-05-18 09:49:24 - [TEST_STEP][PASSED] - driver = getWebDriver(): null

2019-05-18 09:49:24 - [TEST_STEP][PASSED] - baseUrl = "https://www.katalon.com/": null

2019-05-18 09:49:24 - [TEST_STEP][PASSED] - selenium = new com.thoughtworks.selenium.webdriven.WebDriverBackedSelenium(driver, baseUrl): null

2019-05-18 09:49:25 - [TEST_STEP][PASSED] - selenium.open("https://katalon-demo-cura.herokuapp.com/"): null

2019-05-18 09:49:27 - [TEST_STEP][PASSED] - selenium.click("id=btn-make-appointment"): null

2019-05-18 09:49:28 - [TEST_STEP][PASSED] - selenium.type("id=txt-username", "John Doe"): null

2019-05-18 09:49:29 - [TEST_STEP][PASSED] - selenium.type("id=txt-password", "ThisIsNotAPassword"): null

2019-05-18 09:49:29 - [TEST_STEP][PASSED] - selenium.click("id=btn-login"): null

2019-05-18 09:49:30 - [TEST_STEP][PASSED] - selenium.click("id=combo_facility"): null

2019-05-18 09:49:30 - [TEST_STEP][PASSED] - selenium.select("id=combo_facility", "label=Hongkong CURA Healthcare Center"): null

2019-05-18 09:49:31 - [TEST_STEP][PASSED] - selenium.click("id=combo_facility"): null

2019-05-18 09:49:31 - [TEST_STEP][PASSED] - selenium.click("id=chk_hospotal_readmission"): null

2019-05-18 09:49:31 - [TEST_STEP][PASSED] - selenium.click("id=radio_program_medicaid"): null

2019-05-18 09:49:32 - [TEST_STEP][PASSED] - selenium.click("xpath=(.//*[normalize-space(text()) and normalize-space(.)='Visit Date (Required)'])[1]/following::span[1]"): null

2019-05-18 09:49:32 - [TEST_STEP][PASSED] - selenium.click("xpath=(.//*[normalize-space(text()) and normalize-space(.)='Visit Date (Required)'])[1]/following::span[1]"): null

2019-05-18 09:49:32 - [TEST_STEP][PASSED] - selenium.click("xpath=(.//*[normalize-space(text()) and normalize-space(.)='Sa'])[1]/following::td[" + x + "]"): null

2019-05-18 09:49:32 - [TEST_STEP][PASSED] - selenium.click("id=txt_comment"): null

2019-05-18 09:49:33 - [TEST_STEP][PASSED] - selenium.type("id=txt_comment", "python"): null

2019-05-18 09:49:33 - [TEST_STEP][PASSED] - Assert.assertEquals("Make Appointment", selenium.getText("xpath=(.//*[normalize-space(text()) and normalize-space(.)='Make Appointment'])[1]/following::h2[1]")): null

2019-05-18 09:49:33 - [TEST_STEP][PASSED] - selenium.click("id=btn-book-appointment"): null

2019-05-18 09:49:34 - [TEST_STEP][PASSED] - Assert.assertEquals("Appointment Confirmation", selenium.getText("xpath=(.//*[normalize-space(text()) and normalize-space(.)='Make Appointment'])[1]/following::h2[1]")): null

2019-05-18 09:49:34 - [TEST_STEP][PASSED] - selenium.click("link=Go to Homepage"): null

2019-05-18 09:49:35 - [TEST_STEP][PASSED] - selenium.click("xpath=(.//*[normalize-space(text()) and normalize-space(.)='CURA Healthcare'])[1]/preceding::i[2]"): null

2019-05-18 09:49:35 - [TEST_STEP][PASSED] - selenium.click("link=Logout"): null

2019-05-18 09:49:36 - [TEST_STEP][PASSED] - selenium.close(): null]]></system-out>
         <system-err><![CDATA[]]></system-err>
      </testcase>
      <testcase name="Test Cases/ReadPdf/pdfReader" classname="Test Cases/ReadPdf/pdfReader" status="PASSED">
         <system-out><![CDATA[2019-05-18 09:49:38 - [TEST_CASE][PASSED] - Test Cases/ReadPdf/pdfReader: Test Cases/ReadPdf/pdfReader

2019-05-18 09:49:38 - [TEST_STEP][PASSED] - Start listener action : sampleBeforeTestCase: null

2019-05-18 09:49:38 - [TEST_STEP][PASSED] - println(testCaseContext.getTestCaseId()): null

2019-05-18 09:49:38 - [TEST_STEP][PASSED] - println(testCaseContext.getTestCaseVariables()): null

2019-05-18 09:49:40 - [TEST_STEP][PASSED] - closeBrowser(): Browser is closed

2019-05-18 09:49:41 - [MESSAGE][PASSED] - Browser is closed

2019-05-18 09:49:41 - [TEST_STEP][PASSED] - openBrowser(""): Browser is opened with url: ''

2019-05-18 09:49:41 - [MESSAGE][INFO] - Starting 'Chrome' driver

2019-05-18 09:49:41 - [MESSAGE][INFO] - User set preference: ['args', '[--disable-infobars, --no-sandbox]']

2019-05-18 09:49:45 - [MESSAGE][PASSED] - Browser is opened with url: ''

2019-05-18 09:49:45 - [TEST_STEP][PASSED] - navigateToUrl("http://www.testingdiaries.com/selenium-webdriver-read-pdf-content/"): Navigate to 'http://www.testingdiaries.com/selenium-webdriver-read-pdf-content/' successfully

2019-05-18 09:49:56 - [MESSAGE][PASSED] - Navigate to 'http://www.testingdiaries.com/selenium-webdriver-read-pdf-content/' successfully

2019-05-18 09:49:56 - [TEST_STEP][PASSED] - click(findTestObject("Page_SeleniumWebDriverRead-PDF-Co/a_this-location")): Object: 'Object Repository/Page_SeleniumWebDriverRead-PDF-Co/a_this-location' is clicked on

2019-05-18 09:49:57 - [MESSAGE][PASSED] - Object: 'Object Repository/Page_SeleniumWebDriverRead-PDF-Co/a_this-location' is clicked on

2019-05-18 09:49:57 - [TEST_STEP][PASSED] - pdfContent = readPdfFile.verifyPdfContent.readPdfFileVerify("http://www.axmag.com/download/pdfurl-guide.pdf"): readPdfFile.verifyPdfContent.readPdfFileVerify is PASSED

2019-05-18 09:50:02 - [MESSAGE][PASSED] - readPdfFile.verifyPdfContent.readPdfFileVerify is PASSED

2019-05-18 09:50:02 - [TEST_STEP][PASSED] - Assert.assertTrue(pdfContent.contains("Open the setting.xml, you can see it is like this:")): null

2019-05-18 09:50:02 - [TEST_STEP][PASSED] - Assert.assertTrue(pdfContent.contains("Please add the following sentence in setting.xml before")): null

2019-05-18 09:50:02 - [TEST_STEP][PASSED] - Assert.assertTrue(pdfContent.contains("You can see that I have modified the setting.xml, and if open the file in IE, it is like this:")): null

2019-05-18 09:50:02 - [TEST_STEP][PASSED] - println("PDF IS GOOD TO GO..."): null

2019-05-18 09:50:02 - [TEST_STEP][PASSED] - closeBrowser(): Browser is closed

2019-05-18 09:50:03 - [MESSAGE][PASSED] - Browser is closed]]></system-out>
         <system-err><![CDATA[]]></system-err>
      </testcase>
      <testcase name="Test Cases/Demo/withoutWhiteSpaces" classname="Test Cases/Demo/withoutWhiteSpaces" status="PASSED">
         <system-out><![CDATA[2019-05-18 09:50:03 - [TEST_CASE][PASSED] - Test Cases/Demo/withoutWhiteSpaces: Test Cases/Demo/withoutWhiteSpaces

2019-05-18 09:50:03 - [TEST_STEP][PASSED] - Start listener action : sampleBeforeTestCase: null

2019-05-18 09:50:03 - [TEST_STEP][PASSED] - println(testCaseContext.getTestCaseId()): null

2019-05-18 09:50:03 - [TEST_STEP][PASSED] - println(testCaseContext.getTestCaseVariables()): null

2019-05-18 09:50:04 - [TEST_STEP][PASSED] - openBrowser(""): Browser is opened with url: ''

2019-05-18 09:50:04 - [MESSAGE][INFO] - Starting 'Chrome' driver

2019-05-18 09:50:04 - [MESSAGE][INFO] - User set preference: ['args', '[--disable-infobars, --no-sandbox]']

2019-05-18 09:50:08 - [MESSAGE][PASSED] - Browser is opened with url: ''

2019-05-18 09:50:08 - [TEST_STEP][PASSED] - log = new com.kms.katalon.core.logging.KeywordLogger(): null

2019-05-18 09:50:08 - [TEST_STEP][PASSED] - log.logInfo("yourMsg"): yourMsg

2019-05-18 09:50:08 - [MESSAGE][INFO] - yourMsg

2019-05-18 09:50:08 - [TEST_STEP][PASSED] - comment("myMessage"): myMessage

2019-05-18 09:50:08 - [MESSAGE][INFO] - myMessage

2019-05-18 09:50:08 - [TEST_STEP][PASSED] - navigateToUrl("https://katalon-demo-cura.herokuapp.com/"): Navigate to 'https://katalon-demo-cura.herokuapp.com/' successfully

2019-05-18 09:50:11 - [MESSAGE][PASSED] - Navigate to 'https://katalon-demo-cura.herokuapp.com/' successfully

2019-05-18 09:50:11 - [TEST_STEP][PASSED] - click(findTestObject("Object Repository/withoutSpaces/Page_CURAHealthcareService/a_MakeAppointment")): Object: 'Object Repository/withoutSpaces/Page_CURAHealthcareService/a_MakeAppointment' is clicked on

2019-05-18 09:50:12 - [MESSAGE][PASSED] - Object: 'Object Repository/withoutSpaces/Page_CURAHealthcareService/a_MakeAppointment' is clicked on

2019-05-18 09:50:12 - [TEST_STEP][PASSED] - delay(1): Delayed 1 second(s)

2019-05-18 09:50:13 - [MESSAGE][PASSED] - Delayed 1 second(s)

2019-05-18 09:50:13 - [TEST_STEP][PASSED] - element = findWebElement(findTestObject("Object Repository/withoutSpaces/Page_CURAHealthcareService/input_Username_username"), 30): null

2019-05-18 09:50:13 - [TEST_STEP][PASSED] - executeJavaScript("arguments[0].value='John Doe';", Arrays.asList(element)): Execute JavaScript 'arguments[0].value='John Doe';' successfully

2019-05-18 09:50:13 - [MESSAGE][PASSED] - Execute JavaScript 'arguments[0].value='John Doe';' successfully

2019-05-18 09:50:13 - [TEST_STEP][PASSED] - x = executeJavaScript("return document.getElementById('txt-username').readOnly=true;", null): Execute JavaScript 'return document.getElementById('txt-username').readOnly=true;' successfully

2019-05-18 09:50:13 - [MESSAGE][PASSED] - Execute JavaScript 'return document.getElementById('txt-username').readOnly=true;' successfully

2019-05-18 09:50:13 - [TEST_STEP][PASSED] - println("DEBUG readOnly value x " + x): null

2019-05-18 09:50:13 - [TEST_STEP][PASSED] - y = executeJavaScript("return document.getElementsByClassName('form-control')[0].readOnly=false;", null): Execute JavaScript 'return document.getElementsByClassName('form-control')[0].readOnly=false;' successfully

2019-05-18 09:50:13 - [MESSAGE][PASSED] - Execute JavaScript 'return document.getElementsByClassName('form-control')[0].readOnly=false;' successfully

2019-05-18 09:50:13 - [TEST_STEP][PASSED] - println("DEBUG readOnly value y " + y): null

2019-05-18 09:50:13 - [TEST_STEP][PASSED] - z = executeJavaScript("return document.getElementsByClassName('form-control')[0].readOnly;", null): Execute JavaScript 'return document.getElementsByClassName('form-control')[0].readOnly;' successfully

2019-05-18 09:50:13 - [MESSAGE][PASSED] - Execute JavaScript 'return document.getElementsByClassName('form-control')[0].readOnly;' successfully

2019-05-18 09:50:13 - [TEST_STEP][PASSED] - if (z): null

2019-05-18 09:50:13 - [TEST_STEP][PASSED] - else: null

2019-05-18 09:50:13 - [TEST_STEP][PASSED] - println("DEBUG object is editable " + z): null

2019-05-18 09:50:13 - [TEST_STEP][PASSED] - notEditable = setText(findTestObject("Object Repository/withoutSpaces/Page_CURAHealthcareService/input_Username_username"), "John Doe", OPTIONAL): Unable to set text 'John Doe' of object 'Object Repository/withoutSpaces/Page_CURAHealthcareService/input_Username_username' (Root cause: com.kms.katalon.core.exception.StepFailedException: Unable to set text 'John Doe' of object 'Object Repository/withoutSpaces/Page_CURAHealthcareService/input_Username_username'
	at com.kms.katalon.core.webui.keyword.internal.WebUIKeywordMain.stepFailed(WebUIKeywordMain.groovy:64)
	at com.kms.katalon.core.webui.keyword.internal.WebUIKeywordMain.runKeyword(WebUIKeywordMain.groovy:26)
	at com.kms.katalon.core.webui.keyword.builtin.SetTextKeyword.setText(SetTextKeyword.groovy:66)
	at com.kms.katalon.core.webui.keyword.builtin.SetTextKeyword.execute(SetTextKeyword.groovy:37)
	at com.kms.katalon.core.keyword.internal.KeywordExecutor.executeKeywordForPlatform(KeywordExecutor.groovy:56)
	at com.kms.katalon.core.webui.keyword.WebUiBuiltInKeywords.setText(WebUiBuiltInKeywords.groovy:936)
	at com.kms.katalon.core.webui.keyword.WebUiBuiltInKeywords$setText$6.call(Unknown Source)
	at withoutWhiteSpaces.run(withoutWhiteSpaces:51)
	at com.kms.katalon.core.main.ScriptEngine.run(ScriptEngine.java:194)
	at com.kms.katalon.core.main.ScriptEngine.runScriptAsRawText(ScriptEngine.java:119)
	at com.kms.katalon.core.main.TestCaseExecutor.runScript(TestCaseExecutor.java:336)
	at com.kms.katalon.core.main.TestCaseExecutor.doExecute(TestCaseExecutor.java:327)
	at com.kms.katalon.core.main.TestCaseExecutor.processExecutionPhase(TestCaseExecutor.java:306)
	at com.kms.katalon.core.main.TestCaseExecutor.accessMainPhase(TestCaseExecutor.java:298)
	at com.kms.katalon.core.main.TestCaseExecutor.execute(TestCaseExecutor.java:232)
	at com.kms.katalon.core.main.TestSuiteExecutor.accessTestCaseMainPhase(TestSuiteExecutor.java:129)
	at com.kms.katalon.core.main.TestSuiteExecutor.accessTestSuiteMainPhase(TestSuiteExecutor.java:112)
	at com.kms.katalon.core.main.TestSuiteExecutor.execute(TestSuiteExecutor.java:81)
	at com.kms.katalon.core.main.TestCaseMain.startTestSuite(TestCaseMain.java:157)
	at com.kms.katalon.core.main.TestCaseMain$startTestSuite$0.call(Unknown Source)
	at TempTestSuite1558162044048.run(TempTestSuite1558162044048.groovy:35)
Caused by: org.openqa.selenium.InvalidElementStateException: invalid element state: Element must be user-editable in order to clear it.
  (Session info: chrome=74.0.3729.157)
  (Driver info: chromedriver=74.0.3729.6 (255758eccf3d244491b8a1317aa76e1ce10d57e9-refs/branch-heads/3729@{#29}),platform=Windows NT 10.0.17134 x86_64) (WARNING: The server did not provide any stacktrace information)
Command duration or timeout: 0 milliseconds
Build info: version: '3.141.5', revision: 'd54ebd709a', time: '2018-11-06T11:58:47'
System info: host: 'LAPTOP-AK5DO7TK', ip: '192.168.0.15', os.name: 'Windows 10', os.arch: 'amd64', os.version: '10.0', java.version: '1.8.0_181'
Driver info: com.kms.katalon.selenium.driver.CChromeDriver
Capabilities {acceptInsecureCerts: false, acceptSslCerts: false, applicationCacheEnabled: false, browserConnectionEnabled: false, browserName: chrome, chrome: {chromedriverVersion: 74.0.3729.6 (255758eccf3d24..., userDataDir: C:\WINDOWS\TEMP\scoped_dir1...}, cssSelectorsEnabled: true, databaseEnabled: false, goog:chromeOptions: {debuggerAddress: localhost:25169}, handlesAlerts: true, hasTouchScreen: false, javascriptEnabled: true, locationContextEnabled: true, mobileEmulationEnabled: false, nativeEvents: true, networkConnectionEnabled: false, pageLoadStrategy: normal, platform: XP, platformName: XP, proxy: Proxy(direct), rotatable: false, setWindowRect: true, strictFileInteractability: false, takesHeapSnapshot: true, takesScreenshot: true, timeouts: {implicit: 0, pageLoad: 300000, script: 30000}, unexpectedAlertBehaviour: ignore, unhandledPromptBehavior: ignore, version: 74.0.3729.157, webStorageEnabled: true}
Session ID: 931c0039da9b27404e8ccce8bac2ce36
	at org.openqa.selenium.remote.ErrorHandler.createThrowable(ErrorHandler.java:214)
	at org.openqa.selenium.remote.ErrorHandler.throwIfResponseFailed(ErrorHandler.java:166)
	at org.openqa.selenium.remote.http.JsonHttpResponseCodec.reconstructValue(JsonHttpResponseCodec.java:40)
	at org.openqa.selenium.remote.http.AbstractHttpResponseCodec.decode(AbstractHttpResponseCodec.java:80)
	at org.openqa.selenium.remote.http.AbstractHttpResponseCodec.decode(AbstractHttpResponseCodec.java:44)
	at org.openqa.selenium.remote.HttpCommandExecutor.execute(HttpCommandExecutor.java:158)
	at org.openqa.selenium.remote.service.DriverCommandExecutor.execute(DriverCommandExecutor.java:83)
	at org.openqa.selenium.remote.RemoteWebDriver.execute(RemoteWebDriver.java:552)
	at com.kms.katalon.selenium.driver.CChromeDriver.execute(CChromeDriver.java:20)
	at org.openqa.selenium.remote.RemoteWebElement.execute(RemoteWebElement.java:285)
	at org.openqa.selenium.remote.RemoteWebElement.clear(RemoteWebElement.java:124)
	at com.kms.katalon.core.webui.keyword.builtin.SetTextKeyword$_setText_closure1.doCall(SetTextKeyword.groovy:53)
	at com.kms.katalon.core.webui.keyword.builtin.SetTextKeyword$_setText_closure1.call(SetTextKeyword.groovy)
	at com.kms.katalon.core.webui.keyword.internal.WebUIKeywordMain.runKeyword(WebUIKeywordMain.groovy:20)
	at com.kms.katalon.core.webui.keyword.builtin.SetTextKeyword.setText(SetTextKeyword.groovy:66)
	at com.kms.katalon.core.webui.keyword.builtin.SetTextKeyword.execute(SetTextKeyword.groovy:37)
	at com.kms.katalon.core.keyword.internal.KeywordExecutor.executeKeywordForPlatform(KeywordExecutor.groovy:56)
	at com.kms.katalon.core.webui.keyword.WebUiBuiltInKeywords.setText(WebUiBuiltInKeywords.groovy:936)
	at com.kms.katalon.core.webui.keyword.WebUiBuiltInKeywords$setText$6.call(Unknown Source)
	at Script1544094037877.run(Script1544094037877.groovy:51)
	... 13 more
)

2019-05-18 09:50:14 - [MESSAGE][WARNING] - Unable to set text 'John Doe' of object 'Object Repository/withoutSpaces/Page_CURAHealthcareService/input_Username_username' (Root cause: com.kms.katalon.core.exception.StepFailedException: Unable to set text 'John Doe' of object 'Object Repository/withoutSpaces/Page_CURAHealthcareService/input_Username_username'
	at com.kms.katalon.core.webui.keyword.internal.WebUIKeywordMain.stepFailed(WebUIKeywordMain.groovy:64)
	at com.kms.katalon.core.webui.keyword.internal.WebUIKeywordMain.runKeyword(WebUIKeywordMain.groovy:26)
	at com.kms.katalon.core.webui.keyword.builtin.SetTextKeyword.setText(SetTextKeyword.groovy:66)
	at com.kms.katalon.core.webui.keyword.builtin.SetTextKeyword.execute(SetTextKeyword.groovy:37)
	at com.kms.katalon.core.keyword.internal.KeywordExecutor.executeKeywordForPlatform(KeywordExecutor.groovy:56)
	at com.kms.katalon.core.webui.keyword.WebUiBuiltInKeywords.setText(WebUiBuiltInKeywords.groovy:936)
	at com.kms.katalon.core.webui.keyword.WebUiBuiltInKeywords$setText$6.call(Unknown Source)
	at withoutWhiteSpaces.run(withoutWhiteSpaces:51)
	at com.kms.katalon.core.main.ScriptEngine.run(ScriptEngine.java:194)
	at com.kms.katalon.core.main.ScriptEngine.runScriptAsRawText(ScriptEngine.java:119)
	at com.kms.katalon.core.main.TestCaseExecutor.runScript(TestCaseExecutor.java:336)
	at com.kms.katalon.core.main.TestCaseExecutor.doExecute(TestCaseExecutor.java:327)
	at com.kms.katalon.core.main.TestCaseExecutor.processExecutionPhase(TestCaseExecutor.java:306)
	at com.kms.katalon.core.main.TestCaseExecutor.accessMainPhase(TestCaseExecutor.java:298)
	at com.kms.katalon.core.main.TestCaseExecutor.execute(TestCaseExecutor.java:232)
	at com.kms.katalon.core.main.TestSuiteExecutor.accessTestCaseMainPhase(TestSuiteExecutor.java:129)
	at com.kms.katalon.core.main.TestSuiteExecutor.accessTestSuiteMainPhase(TestSuiteExecutor.java:112)
	at com.kms.katalon.core.main.TestSuiteExecutor.execute(TestSuiteExecutor.java:81)
	at com.kms.katalon.core.main.TestCaseMain.startTestSuite(TestCaseMain.java:157)
	at com.kms.katalon.core.main.TestCaseMain$startTestSuite$0.call(Unknown Source)
	at TempTestSuite1558162044048.run(TempTestSuite1558162044048.groovy:35)
Caused by: org.openqa.selenium.InvalidElementStateException: invalid element state: Element must be user-editable in order to clear it.
  (Session info: chrome=74.0.3729.157)
  (Driver info: chromedriver=74.0.3729.6 (255758eccf3d244491b8a1317aa76e1ce10d57e9-refs/branch-heads/3729@{#29}),platform=Windows NT 10.0.17134 x86_64) (WARNING: The server did not provide any stacktrace information)
Command duration or timeout: 0 milliseconds
Build info: version: '3.141.5', revision: 'd54ebd709a', time: '2018-11-06T11:58:47'
System info: host: 'LAPTOP-AK5DO7TK', ip: '192.168.0.15', os.name: 'Windows 10', os.arch: 'amd64', os.version: '10.0', java.version: '1.8.0_181'
Driver info: com.kms.katalon.selenium.driver.CChromeDriver
Capabilities {acceptInsecureCerts: false, acceptSslCerts: false, applicationCacheEnabled: false, browserConnectionEnabled: false, browserName: chrome, chrome: {chromedriverVersion: 74.0.3729.6 (255758eccf3d24..., userDataDir: C:\WINDOWS\TEMP\scoped_dir1...}, cssSelectorsEnabled: true, databaseEnabled: false, goog:chromeOptions: {debuggerAddress: localhost:25169}, handlesAlerts: true, hasTouchScreen: false, javascriptEnabled: true, locationContextEnabled: true, mobileEmulationEnabled: false, nativeEvents: true, networkConnectionEnabled: false, pageLoadStrategy: normal, platform: XP, platformName: XP, proxy: Proxy(direct), rotatable: false, setWindowRect: true, strictFileInteractability: false, takesHeapSnapshot: true, takesScreenshot: true, timeouts: {implicit: 0, pageLoad: 300000, script: 30000}, unexpectedAlertBehaviour: ignore, unhandledPromptBehavior: ignore, version: 74.0.3729.157, webStorageEnabled: true}
Session ID: 931c0039da9b27404e8ccce8bac2ce36
	at org.openqa.selenium.remote.ErrorHandler.createThrowable(ErrorHandler.java:214)
	at org.openqa.selenium.remote.ErrorHandler.throwIfResponseFailed(ErrorHandler.java:166)
	at org.openqa.selenium.remote.http.JsonHttpResponseCodec.reconstructValue(JsonHttpResponseCodec.java:40)
	at org.openqa.selenium.remote.http.AbstractHttpResponseCodec.decode(AbstractHttpResponseCodec.java:80)
	at org.openqa.selenium.remote.http.AbstractHttpResponseCodec.decode(AbstractHttpResponseCodec.java:44)
	at org.openqa.selenium.remote.HttpCommandExecutor.execute(HttpCommandExecutor.java:158)
	at org.openqa.selenium.remote.service.DriverCommandExecutor.execute(DriverCommandExecutor.java:83)
	at org.openqa.selenium.remote.RemoteWebDriver.execute(RemoteWebDriver.java:552)
	at com.kms.katalon.selenium.driver.CChromeDriver.execute(CChromeDriver.java:20)
	at org.openqa.selenium.remote.RemoteWebElement.execute(RemoteWebElement.java:285)
	at org.openqa.selenium.remote.RemoteWebElement.clear(RemoteWebElement.java:124)
	at com.kms.katalon.core.webui.keyword.builtin.SetTextKeyword$_setText_closure1.doCall(SetTextKeyword.groovy:53)
	at com.kms.katalon.core.webui.keyword.builtin.SetTextKeyword$_setText_closure1.call(SetTextKeyword.groovy)
	at com.kms.katalon.core.webui.keyword.internal.WebUIKeywordMain.runKeyword(WebUIKeywordMain.groovy:20)
	at com.kms.katalon.core.webui.keyword.builtin.SetTextKeyword.setText(SetTextKeyword.groovy:66)
	at com.kms.katalon.core.webui.keyword.builtin.SetTextKeyword.execute(SetTextKeyword.groovy:37)
	at com.kms.katalon.core.keyword.internal.KeywordExecutor.executeKeywordForPlatform(KeywordExecutor.groovy:56)
	at com.kms.katalon.core.webui.keyword.WebUiBuiltInKeywords.setText(WebUiBuiltInKeywords.groovy:936)
	at com.kms.katalon.core.webui.keyword.WebUiBuiltInKeywords$setText$6.call(Unknown Source)
	at Script1544094037877.run(Script1544094037877.groovy:51)
	... 13 more
)
[[ATTACHMENT|C:\\Users\\fitim\\.git\\KatalonProject\\Reports\\RegressionTestSuite\\20190518_094723\\1558162214052.png]]

2019-05-18 09:50:14 - [TEST_STEP][PASSED] - println("DEBUG boolean value " + notEditable): null

2019-05-18 09:50:14 - [TEST_STEP][PASSED] - setEncryptedText(findTestObject("Object Repository/withoutSpaces/Page_CURAHealthcareService/input_Password_password"), "g3/DOGG74jC3Flrr3yH+3D/yKbOqqUNM"): Text ****** has been set on object 'Object Repository/withoutSpaces/Page_CURAHealthcareService/input_Password_password'

2019-05-18 09:50:15 - [MESSAGE][PASSED] - Text ****** has been set on object 'Object Repository/withoutSpaces/Page_CURAHealthcareService/input_Password_password'

2019-05-18 09:50:15 - [TEST_STEP][PASSED] - click(findTestObject("Object Repository/withoutSpaces/Page_CURAHealthcareService/button_Login")): Object: 'Object Repository/withoutSpaces/Page_CURAHealthcareService/button_Login' is clicked on

2019-05-18 09:50:17 - [MESSAGE][PASSED] - Object: 'Object Repository/withoutSpaces/Page_CURAHealthcareService/button_Login' is clicked on

2019-05-18 09:50:17 - [TEST_STEP][PASSED] - selectOptionByValue(findTestObject("Object Repository/withoutSpaces/Page_CURAHealthcareService/select_TokyoCURAHealthcareC"), "Seoul CURA Healthcare Center", true): All options with value 'Seoul CURA Healthcare Center' are selected in object 'Object Repository/withoutSpaces/Page_CURAHealthcareService/select_TokyoCURAHealthcareC'  using regular expression

2019-05-18 09:50:17 - [MESSAGE][PASSED] - All options with value 'Seoul CURA Healthcare Center' are selected in object 'Object Repository/withoutSpaces/Page_CURAHealthcareService/select_TokyoCURAHealthcareC'  using regular expression

2019-05-18 09:50:17 - [TEST_STEP][PASSED] - click(findTestObject("Object Repository/withoutSpaces/Page_CURAHealthcareService/input_Applyforhospitalreadm")): Object: 'Object Repository/withoutSpaces/Page_CURAHealthcareService/input_Applyforhospitalreadm' is clicked on

2019-05-18 09:50:17 - [MESSAGE][PASSED] - Object: 'Object Repository/withoutSpaces/Page_CURAHealthcareService/input_Applyforhospitalreadm' is clicked on

2019-05-18 09:50:17 - [TEST_STEP][PASSED] - click(findTestObject("Object Repository/withoutSpaces/Page_CURAHealthcareService/input_Medicaid_programs")): Object: 'Object Repository/withoutSpaces/Page_CURAHealthcareService/input_Medicaid_programs' is clicked on

2019-05-18 09:50:18 - [MESSAGE][PASSED] - Object: 'Object Repository/withoutSpaces/Page_CURAHealthcareService/input_Medicaid_programs' is clicked on

2019-05-18 09:50:18 - [TEST_STEP][PASSED] - click(findTestObject("Object Repository/withoutSpaces/Page_CURAHealthcareService/div_VisitDate(Required)_inpu")): Object: 'Object Repository/withoutSpaces/Page_CURAHealthcareService/div_VisitDate(Required)_inpu' is clicked on

2019-05-18 09:50:18 - [MESSAGE][PASSED] - Object: 'Object Repository/withoutSpaces/Page_CURAHealthcareService/div_VisitDate(Required)_inpu' is clicked on

2019-05-18 09:50:18 - [TEST_STEP][PASSED] - setText(findTestObject("Object Repository/withoutSpaces/Page_CURAHealthcareService/input_VisitDate(Required)_vi"), "15/02/2090"): Text '15/02/2090' is set on object 'Object Repository/withoutSpaces/Page_CURAHealthcareService/input_VisitDate(Required)_vi'

2019-05-18 09:50:19 - [MESSAGE][PASSED] - Text '15/02/2090' is set on object 'Object Repository/withoutSpaces/Page_CURAHealthcareService/input_VisitDate(Required)_vi'

2019-05-18 09:50:19 - [TEST_STEP][PASSED] - setText(findTestObject("Object Repository/withoutSpaces/Page_CURAHealthcareService/textarea_Comment_comment"), "moi"): Text 'moi' is set on object 'Object Repository/withoutSpaces/Page_CURAHealthcareService/textarea_Comment_comment'

2019-05-18 09:50:19 - [MESSAGE][PASSED] - Text 'moi' is set on object 'Object Repository/withoutSpaces/Page_CURAHealthcareService/textarea_Comment_comment'

2019-05-18 09:50:19 - [TEST_STEP][PASSED] - verifyElementPresent(findTestObject("Object Repository/withoutSpaces/Page_CURAHealthcareService/button_BookAppointment"), 30, CONTINUE_ON_FAILURE): Object 'Object Repository/withoutSpaces/Page_CURAHealthcareService/button_BookAppointment' is present

2019-05-18 09:50:19 - [MESSAGE][PASSED] - Object 'Object Repository/withoutSpaces/Page_CURAHealthcareService/button_BookAppointment' is present

2019-05-18 09:50:19 - [TEST_STEP][PASSED] - click(findTestObject("Object Repository/withoutSpaces/Page_CURAHealthcareService/button_BookAppointment")): Object: 'Object Repository/withoutSpaces/Page_CURAHealthcareService/button_BookAppointment' is clicked on

2019-05-18 09:50:20 - [MESSAGE][PASSED] - Object: 'Object Repository/withoutSpaces/Page_CURAHealthcareService/button_BookAppointment' is clicked on

2019-05-18 09:50:20 - [TEST_STEP][PASSED] - click(findTestObject("Object Repository/withoutSpaces/Page_CURAHealthcareService/a_GotoHomepage")): Object: 'Object Repository/withoutSpaces/Page_CURAHealthcareService/a_GotoHomepage' is clicked on

2019-05-18 09:50:21 - [MESSAGE][PASSED] - Object: 'Object Repository/withoutSpaces/Page_CURAHealthcareService/a_GotoHomepage' is clicked on

2019-05-18 09:50:21 - [TEST_STEP][PASSED] - closeBrowser(): Browser is closed

2019-05-18 09:50:21 - [MESSAGE][PASSED] - Browser is closed]]></system-out>
         <system-err><![CDATA[]]></system-err>
      </testcase>
      <testcase name="Test Cases/Web Application/datePicker" classname="Test Cases/Web Application/datePicker" status="PASSED">
         <system-out><![CDATA[2019-05-18 09:50:22 - [TEST_CASE][PASSED] - Test Cases/Web Application/datePicker: Test Cases/Web Application/datePicker

2019-05-18 09:50:22 - [TEST_STEP][PASSED] - Start listener action : sampleBeforeTestCase: null

2019-05-18 09:50:22 - [TEST_STEP][PASSED] - println(testCaseContext.getTestCaseId()): null

2019-05-18 09:50:22 - [TEST_STEP][PASSED] - println(testCaseContext.getTestCaseVariables()): null

2019-05-18 09:50:22 - [TEST_STEP][PASSED] - openBrowser(""): Browser is opened with url: ''

2019-05-18 09:50:22 - [MESSAGE][INFO] - Starting 'Chrome' driver

2019-05-18 09:50:22 - [MESSAGE][INFO] - User set preference: ['args', '[--disable-infobars, --no-sandbox]']

2019-05-18 09:50:25 - [MESSAGE][PASSED] - Browser is opened with url: ''

2019-05-18 09:50:25 - [TEST_STEP][PASSED] - navigateToUrl("https://jqueryui.com/datepicker/"): Navigate to 'https://jqueryui.com/datepicker/' successfully

2019-05-18 09:50:31 - [MESSAGE][PASSED] - Navigate to 'https://jqueryui.com/datepicker/' successfully

2019-05-18 09:50:31 - [TEST_STEP][PASSED] - waitForJQueryLoad(5): jQuery is ready.

2019-05-18 09:50:31 - [MESSAGE][PASSED] - jQuery is ready.

2019-05-18 09:50:31 - [TEST_STEP][PASSED] - switchToFrame(findTestObject("DatePicker/Page_Datepicker_ jQueryUI2/iframe_demo-frame"), 10): null

2019-05-18 09:50:31 - [TEST_STEP][PASSED] - click(findTestObject("DatePicker/Page_Datepicker_ jQueryUI2/input_datepicker")): Object: 'Object Repository/DatePicker/Page_Datepicker_ jQueryUI2/input_datepicker' is clicked on

2019-05-18 09:50:32 - [MESSAGE][PASSED] - Object: 'Object Repository/DatePicker/Page_Datepicker_ jQueryUI2/input_datepicker' is clicked on

2019-05-18 09:50:32 - [TEST_STEP][PASSED] - click(findTestObject("DatePicker/Page_Datepicker jQueryUI/a_20")): Object: 'Object Repository/DatePicker/Page_Datepicker jQueryUI/a_20' is clicked on

2019-05-18 09:50:32 - [MESSAGE][PASSED] - Object: 'Object Repository/DatePicker/Page_Datepicker jQueryUI/a_20' is clicked on

2019-05-18 09:50:32 - [TEST_STEP][PASSED] - datePicker.ReadOnly.readOnlyTrue(): datePicker.ReadOnly.readOnlyTrue is PASSED

2019-05-18 09:50:32 - [MESSAGE][WARNING] - A browser is already opened. Closing browser and opening a new one

2019-05-18 09:50:33 - [MESSAGE][INFO] - Starting 'Chrome' driver

2019-05-18 09:50:33 - [MESSAGE][INFO] - User set preference: ['args', '[--disable-infobars, --no-sandbox]']

2019-05-18 09:50:37 - [MESSAGE][PASSED] - Browser is opened with url: ''

2019-05-18 09:50:39 - [MESSAGE][PASSED] - Navigate to 'https://jqueryui.com/datepicker/' successfully

2019-05-18 09:50:40 - [MESSAGE][PASSED] - Object: 'Object Repository/DatePicker/Page_Datepicker_ jQueryUI2/input_datepicker' is clicked on

2019-05-18 09:50:41 - [MESSAGE][PASSED] - Object: 'Object Repository/DatePicker/Page_Datepicker jQueryUI/a_20' is clicked on

2019-05-18 09:50:41 - [MESSAGE][PASSED] - datePicker.ReadOnly.readOnlyTrue is PASSED

2019-05-18 09:50:41 - [TEST_STEP][PASSED] - txt = getText(findTestObject("DatePicker/Page_Datepicker_ jQueryUI2/input_datepicker")): Text of object 'Object Repository/DatePicker/Page_Datepicker_ jQueryUI2/input_datepicker' is: ''

2019-05-18 09:50:41 - [MESSAGE][PASSED] - Text of object 'Object Repository/DatePicker/Page_Datepicker_ jQueryUI2/input_datepicker' is: ''

2019-05-18 09:50:41 - [TEST_STEP][PASSED] - println("date is " + txt): null

2019-05-18 09:50:41 - [TEST_STEP][PASSED] - verifyTextPresent(txt, false): Text '' is present on page 

2019-05-18 09:50:41 - [MESSAGE][PASSED] - Text '' is present on page 

2019-05-18 09:50:41 - [TEST_STEP][PASSED] - closeBrowser(): Browser is closed

2019-05-18 09:50:43 - [MESSAGE][PASSED] - Browser is closed]]></system-out>
         <system-err><![CDATA[]]></system-err>
      </testcase>
      <testcase name="Test Cases/Web Application/jQueryDatePicker" classname="Test Cases/Web Application/jQueryDatePicker" status="PASSED">
         <system-out><![CDATA[2019-05-18 09:50:43 - [TEST_CASE][PASSED] - Test Cases/Web Application/jQueryDatePicker: Test Cases/Web Application/jQueryDatePicker

2019-05-18 09:50:43 - [TEST_STEP][PASSED] - Start listener action : sampleBeforeTestCase: null

2019-05-18 09:50:43 - [TEST_STEP][PASSED] - println(testCaseContext.getTestCaseId()): null

2019-05-18 09:50:43 - [TEST_STEP][PASSED] - println(testCaseContext.getTestCaseVariables()): null

2019-05-18 09:50:43 - [TEST_STEP][PASSED] - openBrowser(""): Browser is opened with url: ''

2019-05-18 09:50:43 - [MESSAGE][INFO] - Starting 'Chrome' driver

2019-05-18 09:50:43 - [MESSAGE][INFO] - User set preference: ['args', '[--disable-infobars, --no-sandbox]']

2019-05-18 09:50:47 - [MESSAGE][PASSED] - Browser is opened with url: ''

2019-05-18 09:50:47 - [TEST_STEP][PASSED] - c = Calendar.getInstance(): null

2019-05-18 09:50:47 - [TEST_STEP][PASSED] - monthMaxDays = c.getActualMaximum(DAY_OF_MONTH): null

2019-05-18 09:50:47 - [TEST_STEP][PASSED] - println("Current month count of dates: " + monthMaxDays): null

2019-05-18 09:50:47 - [TEST_STEP][PASSED] - day = c.get(DATE): null

2019-05-18 09:50:47 - [TEST_STEP][PASSED] - validDays = monthMaxDays - day: null

2019-05-18 09:50:47 - [TEST_STEP][PASSED] - println("Valid calendar days in month: " + validDays): null

2019-05-18 09:50:47 - [TEST_STEP][PASSED] - startDate = monthMaxDays - validDays: null

2019-05-18 09:50:47 - [TEST_STEP][PASSED] - strStartDate = startDate.toString(): null

2019-05-18 09:50:47 - [TEST_STEP][PASSED] - x = startDate: null

2019-05-18 09:50:47 - [TEST_STEP][PASSED] - y = startDate: null

2019-05-18 09:50:47 - [TEST_STEP][PASSED] - txtval2 = y: null

2019-05-18 09:50:47 - [TEST_STEP][PASSED] - txtval2 = 24: null

2019-05-18 09:50:47 - [TEST_STEP][PASSED] - navigateToUrl("http://2008.kelvinluck.com/assets/jquery/datePicker/v2/demo/datePicker.html"): Navigate to 'http://2008.kelvinluck.com/assets/jquery/datePicker/v2/demo/datePicker.html' successfully

2019-05-18 09:50:49 - [MESSAGE][PASSED] - Navigate to 'http://2008.kelvinluck.com/assets/jquery/datePicker/v2/demo/datePicker.html' successfully

2019-05-18 09:50:49 - [TEST_STEP][PASSED] - myNewObject = new com.kms.katalon.core.testobject.TestObject(myNewObject): null

2019-05-18 09:50:49 - [TEST_STEP][PASSED] - paths = new java.util.ArrayList(): null

2019-05-18 09:50:49 - [TEST_STEP][PASSED] - path25 = "//div[@id='dp-popup']/div[3]/table/tbody/tr[5]/td": null

2019-05-18 09:50:49 - [TEST_STEP][PASSED] - path26 = "//div[@id='dp-popup']/div[3]/table/tbody/tr[5]/td[2]": null

2019-05-18 09:50:49 - [TEST_STEP][PASSED] - path27 = "//div[@id='dp-popup']/div[3]/table/tbody/tr[5]/td[3]": null

2019-05-18 09:50:49 - [TEST_STEP][PASSED] - path28 = "//div[@id='dp-popup']/div[3]/table/tbody/tr[5]/td[4]": null

2019-05-18 09:50:49 - [TEST_STEP][PASSED] - path29 = "//div[@id='dp-popup']/div[3]/table/tbody/tr[5]/td[5]": null

2019-05-18 09:50:49 - [TEST_STEP][PASSED] - path30 = "//div[@id='dp-popup']/div[3]/table/tbody/tr[5]/td[6]": null

2019-05-18 09:50:49 - [TEST_STEP][PASSED] - path31 = "//div[@id='dp-popup']/div[3]/table/tbody/tr[5]/td[7]": null

2019-05-18 09:50:49 - [TEST_STEP][PASSED] - paths.add(path26): null

2019-05-18 09:50:49 - [TEST_STEP][PASSED] - paths.add(path27): null

2019-05-18 09:50:49 - [TEST_STEP][PASSED] - paths.add(path28): null

2019-05-18 09:50:49 - [TEST_STEP][PASSED] - paths.add(path29): null

2019-05-18 09:50:49 - [TEST_STEP][PASSED] - paths.add(path30): null

2019-05-18 09:50:49 - [TEST_STEP][PASSED] - paths.add(path31): null

2019-05-18 09:50:49 - [TEST_STEP][PASSED] - p = 0: null

2019-05-18 09:50:49 - [TEST_STEP][PASSED] - l = new java.util.ArrayList(): null

2019-05-18 09:50:49 - [TEST_STEP][PASSED] - txtval = x: null

2019-05-18 09:50:49 - [TEST_STEP][PASSED] - for ([z = 0, z < validDays + 1, (z++)]): null

2019-05-18 09:50:49 - [TEST_STEP][PASSED] - txtval = (x++): null

2019-05-18 09:50:49 - [TEST_STEP][PASSED] - println(txtval): null

2019-05-18 09:50:49 - [TEST_STEP][PASSED] - click(findTestObject("jQueryDatePicker/Page_jQuery-datePicker/Choose-date")): Object: 'Object Repository/jQueryDatePicker/Page_jQuery-datePicker/Choose-date' is clicked on

2019-05-18 09:50:49 - [MESSAGE][PASSED] - Object: 'Object Repository/jQueryDatePicker/Page_jQuery-datePicker/Choose-date' is clicked on

2019-05-18 09:50:49 - [TEST_STEP][PASSED] - if (Integer.parseInt(txtval) < 25): Object: 'Object Repository/jQueryDatePicker/Page_jQuery-datePicker/day' is clicked on

2019-05-18 09:50:49 - [TEST_STEP][PASSED] - LinkToSearch = modifyObjectProperty(findTestObject("jQueryDatePicker/Page_jQuery-datePicker/day"), "text", "equals", txtval, true): Modify property of object successfully

2019-05-18 09:50:49 - [MESSAGE][PASSED] - Modify property of object successfully

2019-05-18 09:50:49 - [TEST_STEP][PASSED] - click(LinkToSearch, OPTIONAL): Object: 'Object Repository/jQueryDatePicker/Page_jQuery-datePicker/day' is clicked on

2019-05-18 09:50:50 - [MESSAGE][PASSED] - Object: 'Object Repository/jQueryDatePicker/Page_jQuery-datePicker/day' is clicked on

2019-05-18 09:50:50 - [TEST_STEP][PASSED] - if (Integer.parseInt(txtval) == 25): null

2019-05-18 09:50:50 - [TEST_STEP][PASSED] - if (Integer.parseInt(txtval) > 25): null

2019-05-18 09:50:50 - [TEST_STEP][PASSED] - date = getAttribute(findTestObject("jQueryDatePicker/Page_jQuery-datePicker/getDate"), "value"): Attribute 'value' of object 'Object Repository/jQueryDatePicker/Page_jQuery-datePicker/getDate' is: '18/05/2019'

2019-05-18 09:50:50 - [MESSAGE][PASSED] - Attribute 'value' of object 'Object Repository/jQueryDatePicker/Page_jQuery-datePicker/getDate' is: '18/05/2019'

2019-05-18 09:50:50 - [TEST_STEP][PASSED] - l.add(date): null

2019-05-18 09:50:50 - [TEST_STEP][PASSED] - txtval = (x++): null

2019-05-18 09:50:50 - [TEST_STEP][PASSED] - println(txtval): null

2019-05-18 09:50:50 - [TEST_STEP][PASSED] - click(findTestObject("jQueryDatePicker/Page_jQuery-datePicker/Choose-date")): Object: 'Object Repository/jQueryDatePicker/Page_jQuery-datePicker/Choose-date' is clicked on

2019-05-18 09:50:50 - [MESSAGE][PASSED] - Object: 'Object Repository/jQueryDatePicker/Page_jQuery-datePicker/Choose-date' is clicked on

2019-05-18 09:50:50 - [TEST_STEP][PASSED] - if (Integer.parseInt(txtval) < 25): Object: 'Object Repository/jQueryDatePicker/Page_jQuery-datePicker/day' is clicked on

2019-05-18 09:50:50 - [TEST_STEP][PASSED] - LinkToSearch = modifyObjectProperty(findTestObject("jQueryDatePicker/Page_jQuery-datePicker/day"), "text", "equals", txtval, true): Modify property of object successfully

2019-05-18 09:50:50 - [MESSAGE][PASSED] - Modify property of object successfully

2019-05-18 09:50:50 - [TEST_STEP][PASSED] - click(LinkToSearch, OPTIONAL): Object: 'Object Repository/jQueryDatePicker/Page_jQuery-datePicker/day' is clicked on

2019-05-18 09:50:50 - [MESSAGE][PASSED] - Object: 'Object Repository/jQueryDatePicker/Page_jQuery-datePicker/day' is clicked on

2019-05-18 09:50:50 - [TEST_STEP][PASSED] - if (Integer.parseInt(txtval) == 25): null

2019-05-18 09:50:50 - [TEST_STEP][PASSED] - if (Integer.parseInt(txtval) > 25): null

2019-05-18 09:50:50 - [TEST_STEP][PASSED] - date = getAttribute(findTestObject("jQueryDatePicker/Page_jQuery-datePicker/getDate"), "value"): Attribute 'value' of object 'Object Repository/jQueryDatePicker/Page_jQuery-datePicker/getDate' is: '19/05/2019'

2019-05-18 09:50:50 - [MESSAGE][PASSED] - Attribute 'value' of object 'Object Repository/jQueryDatePicker/Page_jQuery-datePicker/getDate' is: '19/05/2019'

2019-05-18 09:50:50 - [TEST_STEP][PASSED] - l.add(date): null

2019-05-18 09:50:50 - [TEST_STEP][PASSED] - txtval = (x++): null

2019-05-18 09:50:50 - [TEST_STEP][PASSED] - println(txtval): null

2019-05-18 09:50:50 - [TEST_STEP][PASSED] - click(findTestObject("jQueryDatePicker/Page_jQuery-datePicker/Choose-date")): Object: 'Object Repository/jQueryDatePicker/Page_jQuery-datePicker/Choose-date' is clicked on

2019-05-18 09:50:50 - [MESSAGE][PASSED] - Object: 'Object Repository/jQueryDatePicker/Page_jQuery-datePicker/Choose-date' is clicked on

2019-05-18 09:50:50 - [TEST_STEP][PASSED] - if (Integer.parseInt(txtval) < 25): Object: 'Object Repository/jQueryDatePicker/Page_jQuery-datePicker/day' is clicked on

2019-05-18 09:50:50 - [TEST_STEP][PASSED] - LinkToSearch = modifyObjectProperty(findTestObject("jQueryDatePicker/Page_jQuery-datePicker/day"), "text", "equals", txtval, true): Modify property of object successfully

2019-05-18 09:50:50 - [MESSAGE][PASSED] - Modify property of object successfully

2019-05-18 09:50:50 - [TEST_STEP][PASSED] - click(LinkToSearch, OPTIONAL): Object: 'Object Repository/jQueryDatePicker/Page_jQuery-datePicker/day' is clicked on

2019-05-18 09:50:51 - [MESSAGE][PASSED] - Object: 'Object Repository/jQueryDatePicker/Page_jQuery-datePicker/day' is clicked on

2019-05-18 09:50:51 - [TEST_STEP][PASSED] - if (Integer.parseInt(txtval) == 25): null

2019-05-18 09:50:51 - [TEST_STEP][PASSED] - if (Integer.parseInt(txtval) > 25): null

2019-05-18 09:50:51 - [TEST_STEP][PASSED] - date = getAttribute(findTestObject("jQueryDatePicker/Page_jQuery-datePicker/getDate"), "value"): Attribute 'value' of object 'Object Repository/jQueryDatePicker/Page_jQuery-datePicker/getDate' is: '20/05/2019'

2019-05-18 09:50:51 - [MESSAGE][PASSED] - Attribute 'value' of object 'Object Repository/jQueryDatePicker/Page_jQuery-datePicker/getDate' is: '20/05/2019'

2019-05-18 09:50:51 - [TEST_STEP][PASSED] - l.add(date): null

2019-05-18 09:50:51 - [TEST_STEP][PASSED] - txtval = (x++): null

2019-05-18 09:50:51 - [TEST_STEP][PASSED] - println(txtval): null

2019-05-18 09:50:51 - [TEST_STEP][PASSED] - click(findTestObject("jQueryDatePicker/Page_jQuery-datePicker/Choose-date")): Object: 'Object Repository/jQueryDatePicker/Page_jQuery-datePicker/Choose-date' is clicked on

2019-05-18 09:50:51 - [MESSAGE][PASSED] - Object: 'Object Repository/jQueryDatePicker/Page_jQuery-datePicker/Choose-date' is clicked on

2019-05-18 09:50:51 - [TEST_STEP][PASSED] - if (Integer.parseInt(txtval) < 25): Object: 'Object Repository/jQueryDatePicker/Page_jQuery-datePicker/day' is clicked on

2019-05-18 09:50:51 - [TEST_STEP][PASSED] - LinkToSearch = modifyObjectProperty(findTestObject("jQueryDatePicker/Page_jQuery-datePicker/day"), "text", "equals", txtval, true): Modify property of object successfully

2019-05-18 09:50:51 - [MESSAGE][PASSED] - Modify property of object successfully

2019-05-18 09:50:51 - [TEST_STEP][PASSED] - click(LinkToSearch, OPTIONAL): Object: 'Object Repository/jQueryDatePicker/Page_jQuery-datePicker/day' is clicked on

2019-05-18 09:50:51 - [MESSAGE][PASSED] - Object: 'Object Repository/jQueryDatePicker/Page_jQuery-datePicker/day' is clicked on

2019-05-18 09:50:51 - [TEST_STEP][PASSED] - if (Integer.parseInt(txtval) == 25): null

2019-05-18 09:50:51 - [TEST_STEP][PASSED] - if (Integer.parseInt(txtval) > 25): null

2019-05-18 09:50:51 - [TEST_STEP][PASSED] - date = getAttribute(findTestObject("jQueryDatePicker/Page_jQuery-datePicker/getDate"), "value"): Attribute 'value' of object 'Object Repository/jQueryDatePicker/Page_jQuery-datePicker/getDate' is: '21/05/2019'

2019-05-18 09:50:51 - [MESSAGE][PASSED] - Attribute 'value' of object 'Object Repository/jQueryDatePicker/Page_jQuery-datePicker/getDate' is: '21/05/2019'

2019-05-18 09:50:51 - [TEST_STEP][PASSED] - l.add(date): null

2019-05-18 09:50:51 - [TEST_STEP][PASSED] - txtval = (x++): null

2019-05-18 09:50:51 - [TEST_STEP][PASSED] - println(txtval): null

2019-05-18 09:50:51 - [TEST_STEP][PASSED] - click(findTestObject("jQueryDatePicker/Page_jQuery-datePicker/Choose-date")): Object: 'Object Repository/jQueryDatePicker/Page_jQuery-datePicker/Choose-date' is clicked on

2019-05-18 09:50:51 - [MESSAGE][PASSED] - Object: 'Object Repository/jQueryDatePicker/Page_jQuery-datePicker/Choose-date' is clicked on

2019-05-18 09:50:51 - [TEST_STEP][PASSED] - if (Integer.parseInt(txtval) < 25): Object: 'Object Repository/jQueryDatePicker/Page_jQuery-datePicker/day' is clicked on

2019-05-18 09:50:51 - [TEST_STEP][PASSED] - LinkToSearch = modifyObjectProperty(findTestObject("jQueryDatePicker/Page_jQuery-datePicker/day"), "text", "equals", txtval, true): Modify property of object successfully

2019-05-18 09:50:51 - [MESSAGE][PASSED] - Modify property of object successfully

2019-05-18 09:50:51 - [TEST_STEP][PASSED] - click(LinkToSearch, OPTIONAL): Object: 'Object Repository/jQueryDatePicker/Page_jQuery-datePicker/day' is clicked on

2019-05-18 09:50:52 - [MESSAGE][PASSED] - Object: 'Object Repository/jQueryDatePicker/Page_jQuery-datePicker/day' is clicked on

2019-05-18 09:50:52 - [TEST_STEP][PASSED] - if (Integer.parseInt(txtval) == 25): null

2019-05-18 09:50:52 - [TEST_STEP][PASSED] - if (Integer.parseInt(txtval) > 25): null

2019-05-18 09:50:52 - [TEST_STEP][PASSED] - date = getAttribute(findTestObject("jQueryDatePicker/Page_jQuery-datePicker/getDate"), "value"): Attribute 'value' of object 'Object Repository/jQueryDatePicker/Page_jQuery-datePicker/getDate' is: '22/05/2019'

2019-05-18 09:50:52 - [MESSAGE][PASSED] - Attribute 'value' of object 'Object Repository/jQueryDatePicker/Page_jQuery-datePicker/getDate' is: '22/05/2019'

2019-05-18 09:50:52 - [TEST_STEP][PASSED] - l.add(date): null

2019-05-18 09:50:52 - [TEST_STEP][PASSED] - txtval = (x++): null

2019-05-18 09:50:52 - [TEST_STEP][PASSED] - println(txtval): null

2019-05-18 09:50:52 - [TEST_STEP][PASSED] - click(findTestObject("jQueryDatePicker/Page_jQuery-datePicker/Choose-date")): Object: 'Object Repository/jQueryDatePicker/Page_jQuery-datePicker/Choose-date' is clicked on

2019-05-18 09:50:52 - [MESSAGE][PASSED] - Object: 'Object Repository/jQueryDatePicker/Page_jQuery-datePicker/Choose-date' is clicked on

2019-05-18 09:50:52 - [TEST_STEP][PASSED] - if (Integer.parseInt(txtval) < 25): Object: 'Object Repository/jQueryDatePicker/Page_jQuery-datePicker/day' is clicked on

2019-05-18 09:50:52 - [TEST_STEP][PASSED] - LinkToSearch = modifyObjectProperty(findTestObject("jQueryDatePicker/Page_jQuery-datePicker/day"), "text", "equals", txtval, true): Modify property of object successfully

2019-05-18 09:50:52 - [MESSAGE][PASSED] - Modify property of object successfully

2019-05-18 09:50:52 - [TEST_STEP][PASSED] - click(LinkToSearch, OPTIONAL): Object: 'Object Repository/jQueryDatePicker/Page_jQuery-datePicker/day' is clicked on

2019-05-18 09:50:52 - [MESSAGE][PASSED] - Object: 'Object Repository/jQueryDatePicker/Page_jQuery-datePicker/day' is clicked on

2019-05-18 09:50:52 - [TEST_STEP][PASSED] - if (Integer.parseInt(txtval) == 25): null

2019-05-18 09:50:52 - [TEST_STEP][PASSED] - if (Integer.parseInt(txtval) > 25): null

2019-05-18 09:50:52 - [TEST_STEP][PASSED] - date = getAttribute(findTestObject("jQueryDatePicker/Page_jQuery-datePicker/getDate"), "value"): Attribute 'value' of object 'Object Repository/jQueryDatePicker/Page_jQuery-datePicker/getDate' is: '23/05/2019'

2019-05-18 09:50:52 - [MESSAGE][PASSED] - Attribute 'value' of object 'Object Repository/jQueryDatePicker/Page_jQuery-datePicker/getDate' is: '23/05/2019'

2019-05-18 09:50:52 - [TEST_STEP][PASSED] - l.add(date): null

2019-05-18 09:50:52 - [TEST_STEP][PASSED] - txtval = (x++): null

2019-05-18 09:50:52 - [TEST_STEP][PASSED] - println(txtval): null

2019-05-18 09:50:52 - [TEST_STEP][PASSED] - click(findTestObject("jQueryDatePicker/Page_jQuery-datePicker/Choose-date")): Object: 'Object Repository/jQueryDatePicker/Page_jQuery-datePicker/Choose-date' is clicked on

2019-05-18 09:50:52 - [MESSAGE][PASSED] - Object: 'Object Repository/jQueryDatePicker/Page_jQuery-datePicker/Choose-date' is clicked on

2019-05-18 09:50:52 - [TEST_STEP][PASSED] - if (Integer.parseInt(txtval) < 25): Object: 'Object Repository/jQueryDatePicker/Page_jQuery-datePicker/day' is clicked on

2019-05-18 09:50:52 - [TEST_STEP][PASSED] - LinkToSearch = modifyObjectProperty(findTestObject("jQueryDatePicker/Page_jQuery-datePicker/day"), "text", "equals", txtval, true): Modify property of object successfully

2019-05-18 09:50:52 - [MESSAGE][PASSED] - Modify property of object successfully

2019-05-18 09:50:52 - [TEST_STEP][PASSED] - click(LinkToSearch, OPTIONAL): Object: 'Object Repository/jQueryDatePicker/Page_jQuery-datePicker/day' is clicked on

2019-05-18 09:50:53 - [MESSAGE][PASSED] - Object: 'Object Repository/jQueryDatePicker/Page_jQuery-datePicker/day' is clicked on

2019-05-18 09:50:53 - [TEST_STEP][PASSED] - if (Integer.parseInt(txtval) == 25): null

2019-05-18 09:50:53 - [TEST_STEP][PASSED] - if (Integer.parseInt(txtval) > 25): null

2019-05-18 09:50:53 - [TEST_STEP][PASSED] - date = getAttribute(findTestObject("jQueryDatePicker/Page_jQuery-datePicker/getDate"), "value"): Attribute 'value' of object 'Object Repository/jQueryDatePicker/Page_jQuery-datePicker/getDate' is: '24/05/2019'

2019-05-18 09:50:53 - [MESSAGE][PASSED] - Attribute 'value' of object 'Object Repository/jQueryDatePicker/Page_jQuery-datePicker/getDate' is: '24/05/2019'

2019-05-18 09:50:53 - [TEST_STEP][PASSED] - l.add(date): null

2019-05-18 09:50:53 - [TEST_STEP][PASSED] - txtval = (x++): null

2019-05-18 09:50:53 - [TEST_STEP][PASSED] - println(txtval): null

2019-05-18 09:50:53 - [TEST_STEP][PASSED] - click(findTestObject("jQueryDatePicker/Page_jQuery-datePicker/Choose-date")): Object: 'Object Repository/jQueryDatePicker/Page_jQuery-datePicker/Choose-date' is clicked on

2019-05-18 09:50:53 - [MESSAGE][PASSED] - Object: 'Object Repository/jQueryDatePicker/Page_jQuery-datePicker/Choose-date' is clicked on

2019-05-18 09:50:53 - [TEST_STEP][PASSED] - if (Integer.parseInt(txtval) < 25): null

2019-05-18 09:50:53 - [TEST_STEP][PASSED] - if (Integer.parseInt(txtval) == 25): Object: 'myNewObject' is clicked on

2019-05-18 09:50:53 - [TEST_STEP][PASSED] - myNewObject.addProperty("xpath", EQUALS, path25, true): null

2019-05-18 09:50:53 - [TEST_STEP][PASSED] - click(myNewObject): Object: 'myNewObject' is clicked on

2019-05-18 09:50:53 - [MESSAGE][PASSED] - Object: 'myNewObject' is clicked on

2019-05-18 09:50:53 - [TEST_STEP][PASSED] - if (Integer.parseInt(txtval) > 25): null

2019-05-18 09:50:53 - [TEST_STEP][PASSED] - date = getAttribute(findTestObject("jQueryDatePicker/Page_jQuery-datePicker/getDate"), "value"): Attribute 'value' of object 'Object Repository/jQueryDatePicker/Page_jQuery-datePicker/getDate' is: '27/05/2019'

2019-05-18 09:50:53 - [MESSAGE][PASSED] - Attribute 'value' of object 'Object Repository/jQueryDatePicker/Page_jQuery-datePicker/getDate' is: '27/05/2019'

2019-05-18 09:50:53 - [TEST_STEP][PASSED] - l.add(date): null

2019-05-18 09:50:53 - [TEST_STEP][PASSED] - txtval = (x++): null

2019-05-18 09:50:53 - [TEST_STEP][PASSED] - println(txtval): null

2019-05-18 09:50:53 - [TEST_STEP][PASSED] - click(findTestObject("jQueryDatePicker/Page_jQuery-datePicker/Choose-date")): Object: 'Object Repository/jQueryDatePicker/Page_jQuery-datePicker/Choose-date' is clicked on

2019-05-18 09:50:53 - [MESSAGE][PASSED] - Object: 'Object Repository/jQueryDatePicker/Page_jQuery-datePicker/Choose-date' is clicked on

2019-05-18 09:50:53 - [TEST_STEP][PASSED] - if (Integer.parseInt(txtval) < 25): null

2019-05-18 09:50:53 - [TEST_STEP][PASSED] - if (Integer.parseInt(txtval) == 25): null

2019-05-18 09:50:53 - [TEST_STEP][PASSED] - if (Integer.parseInt(txtval) > 25): Object: 'myNewObject' is clicked on

2019-05-18 09:50:53 - [TEST_STEP][PASSED] - myNewObject.addProperty("xpath", EQUALS, paths.get((p++)), true): null

2019-05-18 09:50:53 - [TEST_STEP][PASSED] - click(myNewObject): Object: 'myNewObject' is clicked on

2019-05-18 09:50:53 - [MESSAGE][PASSED] - Object: 'myNewObject' is clicked on

2019-05-18 09:50:53 - [TEST_STEP][PASSED] - date = getAttribute(findTestObject("jQueryDatePicker/Page_jQuery-datePicker/getDate"), "value"): Attribute 'value' of object 'Object Repository/jQueryDatePicker/Page_jQuery-datePicker/getDate' is: '28/05/2019'

2019-05-18 09:50:54 - [MESSAGE][PASSED] - Attribute 'value' of object 'Object Repository/jQueryDatePicker/Page_jQuery-datePicker/getDate' is: '28/05/2019'

2019-05-18 09:50:54 - [TEST_STEP][PASSED] - l.add(date): null

2019-05-18 09:50:54 - [TEST_STEP][PASSED] - txtval = (x++): null

2019-05-18 09:50:54 - [TEST_STEP][PASSED] - println(txtval): null

2019-05-18 09:50:54 - [TEST_STEP][PASSED] - click(findTestObject("jQueryDatePicker/Page_jQuery-datePicker/Choose-date")): Object: 'Object Repository/jQueryDatePicker/Page_jQuery-datePicker/Choose-date' is clicked on

2019-05-18 09:50:54 - [MESSAGE][PASSED] - Object: 'Object Repository/jQueryDatePicker/Page_jQuery-datePicker/Choose-date' is clicked on

2019-05-18 09:50:54 - [TEST_STEP][PASSED] - if (Integer.parseInt(txtval) < 25): null

2019-05-18 09:50:54 - [TEST_STEP][PASSED] - if (Integer.parseInt(txtval) == 25): null

2019-05-18 09:50:54 - [TEST_STEP][PASSED] - if (Integer.parseInt(txtval) > 25): Object: 'myNewObject' is clicked on

2019-05-18 09:50:54 - [TEST_STEP][PASSED] - myNewObject.addProperty("xpath", EQUALS, paths.get((p++)), true): null

2019-05-18 09:50:54 - [TEST_STEP][PASSED] - click(myNewObject): Object: 'myNewObject' is clicked on

2019-05-18 09:50:54 - [MESSAGE][PASSED] - Object: 'myNewObject' is clicked on

2019-05-18 09:50:54 - [TEST_STEP][PASSED] - date = getAttribute(findTestObject("jQueryDatePicker/Page_jQuery-datePicker/getDate"), "value"): Attribute 'value' of object 'Object Repository/jQueryDatePicker/Page_jQuery-datePicker/getDate' is: '29/05/2019'

2019-05-18 09:50:54 - [MESSAGE][PASSED] - Attribute 'value' of object 'Object Repository/jQueryDatePicker/Page_jQuery-datePicker/getDate' is: '29/05/2019'

2019-05-18 09:50:54 - [TEST_STEP][PASSED] - l.add(date): null

2019-05-18 09:50:54 - [TEST_STEP][PASSED] - txtval = (x++): null

2019-05-18 09:50:54 - [TEST_STEP][PASSED] - println(txtval): null

2019-05-18 09:50:54 - [TEST_STEP][PASSED] - click(findTestObject("jQueryDatePicker/Page_jQuery-datePicker/Choose-date")): Object: 'Object Repository/jQueryDatePicker/Page_jQuery-datePicker/Choose-date' is clicked on

2019-05-18 09:50:54 - [MESSAGE][PASSED] - Object: 'Object Repository/jQueryDatePicker/Page_jQuery-datePicker/Choose-date' is clicked on

2019-05-18 09:50:54 - [TEST_STEP][PASSED] - if (Integer.parseInt(txtval) < 25): null

2019-05-18 09:50:54 - [TEST_STEP][PASSED] - if (Integer.parseInt(txtval) == 25): null

2019-05-18 09:50:54 - [TEST_STEP][PASSED] - if (Integer.parseInt(txtval) > 25): Object: 'myNewObject' is clicked on

2019-05-18 09:50:54 - [TEST_STEP][PASSED] - myNewObject.addProperty("xpath", EQUALS, paths.get((p++)), true): null

2019-05-18 09:50:54 - [TEST_STEP][PASSED] - click(myNewObject): Object: 'myNewObject' is clicked on

2019-05-18 09:50:54 - [MESSAGE][PASSED] - Object: 'myNewObject' is clicked on

2019-05-18 09:50:54 - [TEST_STEP][PASSED] - date = getAttribute(findTestObject("jQueryDatePicker/Page_jQuery-datePicker/getDate"), "value"): Attribute 'value' of object 'Object Repository/jQueryDatePicker/Page_jQuery-datePicker/getDate' is: '30/05/2019'

2019-05-18 09:50:55 - [MESSAGE][PASSED] - Attribute 'value' of object 'Object Repository/jQueryDatePicker/Page_jQuery-datePicker/getDate' is: '30/05/2019'

2019-05-18 09:50:55 - [TEST_STEP][PASSED] - l.add(date): null

2019-05-18 09:50:55 - [TEST_STEP][PASSED] - txtval = (x++): null

2019-05-18 09:50:55 - [TEST_STEP][PASSED] - println(txtval): null

2019-05-18 09:50:55 - [TEST_STEP][PASSED] - click(findTestObject("jQueryDatePicker/Page_jQuery-datePicker/Choose-date")): Object: 'Object Repository/jQueryDatePicker/Page_jQuery-datePicker/Choose-date' is clicked on

2019-05-18 09:50:55 - [MESSAGE][PASSED] - Object: 'Object Repository/jQueryDatePicker/Page_jQuery-datePicker/Choose-date' is clicked on

2019-05-18 09:50:55 - [TEST_STEP][PASSED] - if (Integer.parseInt(txtval) < 25): null

2019-05-18 09:50:55 - [TEST_STEP][PASSED] - if (Integer.parseInt(txtval) == 25): null

2019-05-18 09:50:55 - [TEST_STEP][PASSED] - if (Integer.parseInt(txtval) > 25): Object: 'myNewObject' is clicked on

2019-05-18 09:50:55 - [TEST_STEP][PASSED] - myNewObject.addProperty("xpath", EQUALS, paths.get((p++)), true): null

2019-05-18 09:50:55 - [TEST_STEP][PASSED] - click(myNewObject): Object: 'myNewObject' is clicked on

2019-05-18 09:50:55 - [MESSAGE][PASSED] - Object: 'myNewObject' is clicked on

2019-05-18 09:50:55 - [TEST_STEP][PASSED] - date = getAttribute(findTestObject("jQueryDatePicker/Page_jQuery-datePicker/getDate"), "value"): Attribute 'value' of object 'Object Repository/jQueryDatePicker/Page_jQuery-datePicker/getDate' is: '31/05/2019'

2019-05-18 09:50:55 - [MESSAGE][PASSED] - Attribute 'value' of object 'Object Repository/jQueryDatePicker/Page_jQuery-datePicker/getDate' is: '31/05/2019'

2019-05-18 09:50:55 - [TEST_STEP][PASSED] - l.add(date): null

2019-05-18 09:50:55 - [TEST_STEP][PASSED] - txtval = (x++): null

2019-05-18 09:50:55 - [TEST_STEP][PASSED] - println(txtval): null

2019-05-18 09:50:55 - [TEST_STEP][PASSED] - click(findTestObject("jQueryDatePicker/Page_jQuery-datePicker/Choose-date")): Object: 'Object Repository/jQueryDatePicker/Page_jQuery-datePicker/Choose-date' is clicked on

2019-05-18 09:50:55 - [MESSAGE][PASSED] - Object: 'Object Repository/jQueryDatePicker/Page_jQuery-datePicker/Choose-date' is clicked on

2019-05-18 09:50:55 - [TEST_STEP][PASSED] - if (Integer.parseInt(txtval) < 25): null

2019-05-18 09:50:55 - [TEST_STEP][PASSED] - if (Integer.parseInt(txtval) == 25): null

2019-05-18 09:50:55 - [TEST_STEP][PASSED] - if (Integer.parseInt(txtval) > 25): Object: 'myNewObject' is clicked on

2019-05-18 09:50:55 - [TEST_STEP][PASSED] - myNewObject.addProperty("xpath", EQUALS, paths.get((p++)), true): null

2019-05-18 09:50:55 - [TEST_STEP][PASSED] - click(myNewObject): Object: 'myNewObject' is clicked on

2019-05-18 09:50:56 - [MESSAGE][PASSED] - Object: 'myNewObject' is clicked on

2019-05-18 09:50:56 - [TEST_STEP][PASSED] - date = getAttribute(findTestObject("jQueryDatePicker/Page_jQuery-datePicker/getDate"), "value"): Attribute 'value' of object 'Object Repository/jQueryDatePicker/Page_jQuery-datePicker/getDate' is: '01/06/2019'

2019-05-18 09:50:56 - [MESSAGE][PASSED] - Attribute 'value' of object 'Object Repository/jQueryDatePicker/Page_jQuery-datePicker/getDate' is: '01/06/2019'

2019-05-18 09:50:56 - [TEST_STEP][PASSED] - l.add(date): null

2019-05-18 09:50:56 - [TEST_STEP][PASSED] - txtval = (x++): null

2019-05-18 09:50:56 - [TEST_STEP][PASSED] - println(txtval): null

2019-05-18 09:50:56 - [TEST_STEP][PASSED] - click(findTestObject("jQueryDatePicker/Page_jQuery-datePicker/Choose-date")): Object: 'Object Repository/jQueryDatePicker/Page_jQuery-datePicker/Choose-date' is clicked on

2019-05-18 09:50:56 - [MESSAGE][PASSED] - Object: 'Object Repository/jQueryDatePicker/Page_jQuery-datePicker/Choose-date' is clicked on

2019-05-18 09:50:56 - [TEST_STEP][PASSED] - if (Integer.parseInt(txtval) < 25): null

2019-05-18 09:50:56 - [TEST_STEP][PASSED] - if (Integer.parseInt(txtval) == 25): null

2019-05-18 09:50:56 - [TEST_STEP][PASSED] - if (Integer.parseInt(txtval) > 25): Object: 'myNewObject' is clicked on

2019-05-18 09:50:56 - [TEST_STEP][PASSED] - myNewObject.addProperty("xpath", EQUALS, paths.get((p++)), true): null

2019-05-18 09:50:56 - [TEST_STEP][PASSED] - click(myNewObject): Object: 'myNewObject' is clicked on

2019-05-18 09:50:56 - [MESSAGE][PASSED] - Object: 'myNewObject' is clicked on

2019-05-18 09:50:56 - [TEST_STEP][PASSED] - date = getAttribute(findTestObject("jQueryDatePicker/Page_jQuery-datePicker/getDate"), "value"): Attribute 'value' of object 'Object Repository/jQueryDatePicker/Page_jQuery-datePicker/getDate' is: '02/06/2019'

2019-05-18 09:50:56 - [MESSAGE][PASSED] - Attribute 'value' of object 'Object Repository/jQueryDatePicker/Page_jQuery-datePicker/getDate' is: '02/06/2019'

2019-05-18 09:50:56 - [TEST_STEP][PASSED] - l.add(date): null

2019-05-18 09:50:56 - [TEST_STEP][PASSED] - println("DEBUG list of dates: " + l): null

2019-05-18 09:50:56 - [TEST_STEP][PASSED] - closeBrowser(): Browser is closed

2019-05-18 09:50:57 - [MESSAGE][PASSED] - Browser is closed]]></system-out>
         <system-err><![CDATA[]]></system-err>
      </testcase>
      <testcase name="Test Cases/Web Application/kendo datepicker" classname="Test Cases/Web Application/kendo datepicker" status="PASSED">
         <system-out><![CDATA[2019-05-18 09:50:57 - [TEST_CASE][PASSED] - Test Cases/Web Application/kendo datepicker: Test Cases/Web Application/kendo datepicker

2019-05-18 09:50:57 - [TEST_STEP][PASSED] - Start listener action : sampleBeforeTestCase: null

2019-05-18 09:50:57 - [TEST_STEP][PASSED] - println(testCaseContext.getTestCaseId()): null

2019-05-18 09:50:57 - [TEST_STEP][PASSED] - println(testCaseContext.getTestCaseVariables()): null

2019-05-18 09:50:58 - [TEST_STEP][PASSED] - openBrowser(""): Browser is opened with url: ''

2019-05-18 09:50:58 - [MESSAGE][INFO] - Starting 'Chrome' driver

2019-05-18 09:50:58 - [MESSAGE][INFO] - User set preference: ['args', '[--disable-infobars, --no-sandbox]']

2019-05-18 09:51:02 - [MESSAGE][PASSED] - Browser is opened with url: ''

2019-05-18 09:51:02 - [TEST_STEP][PASSED] - navigateToUrl("http://demos.telerik.com/kendo-ui/datetimepicker/index"): Navigate to 'http://demos.telerik.com/kendo-ui/datetimepicker/index' successfully

2019-05-18 09:51:13 - [MESSAGE][PASSED] - Navigate to 'http://demos.telerik.com/kendo-ui/datetimepicker/index' successfully

2019-05-18 09:51:13 - [TEST_STEP][PASSED] - takeScreenshot("C:\Users\fitim\Desktop\Katalon Studio\screenshots\picture.png"): Taking screenshot successfully

2019-05-18 09:51:14 - [MESSAGE][PASSED] - Taking screenshot successfully
[[ATTACHMENT|C:\\Users\\fitim\\Desktop\\Katalon Studio\\screenshots\\picture.png]]

2019-05-18 09:51:14 - [TEST_STEP][PASSED] - closeBrowser(): Browser is closed

2019-05-18 09:51:16 - [MESSAGE][PASSED] - Browser is closed]]></system-out>
         <system-err><![CDATA[]]></system-err>
      </testcase>
      <testcase name="Test Cases/WebServiceTest/webService" classname="Test Cases/WebServiceTest/webService" status="PASSED">
         <system-out><![CDATA[2019-05-18 09:51:16 - [TEST_CASE][PASSED] - Test Cases/WebServiceTest/webService: Test Cases/WebServiceTest/webService

2019-05-18 09:51:16 - [TEST_STEP][PASSED] - Start listener action : sampleBeforeTestCase: null

2019-05-18 09:51:16 - [TEST_STEP][PASSED] - println(testCaseContext.getTestCaseId()): null

2019-05-18 09:51:16 - [TEST_STEP][PASSED] - println(testCaseContext.getTestCaseVariables()): null

2019-05-18 09:51:17 - [TEST_STEP][PASSED] - response = sendRequest(findTestObject("WebServiceReqs/webRequest")): Send request successfully

2019-05-18 09:51:21 - [MESSAGE][INFO] - HAR: C:\Users\fitim\.git\KatalonProject\Reports\RegressionTestSuite\20190518_094723\requests\main\null.har

[...]

2019-05-18 09:58:51 - [TEST_STEP][PASSED] - if (getName().equals(fileName)): null

2019-05-18 09:58:51 - [TEST_STEP][PASSED] - println("File Name at 0 is : " + dirContents[i].getName()): null

2019-05-18 09:58:51 - [TEST_STEP][PASSED] - if (getName().equals(fileName)): null

2019-05-18 09:58:51 - [TEST_STEP][PASSED] - println("File Name at 0 is : " + dirContents[i].getName()): null

2019-05-18 09:58:51 - [TEST_STEP][PASSED] - if (getName().equals(fileName)): null

2019-05-18 09:58:51 - [TEST_STEP][PASSED] - println("File Name at 0 is : " + dirContents[i].getName()): null

2019-05-18 09:58:51 - [TEST_STEP][PASSED] - if (getName().equals(fileName)): null

2019-05-18 09:58:51 - [TEST_STEP][PASSED] - println("File Name at 0 is : " + dirContents[i].getName()): null

2019-05-18 09:58:51 - [TEST_STEP][PASSED] - if (getName().equals(fileName)): null

2019-05-18 09:58:51 - [TEST_STEP][PASSED] - println("File Name at 0 is : " + dirContents[i].getName()): null

2019-05-18 09:58:51 - [TEST_STEP][PASSED] - if (getName().equals(fileName)): null

2019-05-18 09:58:51 - [TEST_STEP][PASSED] - println("File Name at 0 is : " + dirContents[i].getName()): null

2019-05-18 09:58:51 - [TEST_STEP][PASSED] - if (getName().equals(fileName)): null

2019-05-18 09:58:51 - [TEST_STEP][PASSED] - println("File Name at 0 is : " + dirContents[i].getName()): null

2019-05-18 09:58:51 - [TEST_STEP][PASSED] - if (getName().equals(fileName)): null

2019-05-18 09:58:51 - [TEST_STEP][PASSED] - println("File Name at 0 is : " + dirContents[i].getName()): null

2019-05-18 09:58:51 - [TEST_STEP][PASSED] - if (getName().equals(fileName)): null

2019-05-18 09:58:51 - [TEST_STEP][PASSED] - println("File Name at 0 is : " + dirContents[i].getName()): null

2019-05-18 09:58:51 - [TEST_STEP][PASSED] - if (getName().equals(fileName)): null

2019-05-18 09:58:51 - [TEST_STEP][PASSED] - println("File Name at 0 is : " + dirContents[i].getName()): null

2019-05-18 09:58:51 - [TEST_STEP][PASSED] - if (getName().equals(fileName)): null

2019-05-18 09:58:51 - [TEST_STEP][PASSED] - println("File Name at 0 is : " + dirContents[i].getName()): null

2019-05-18 09:58:51 - [TEST_STEP][PASSED] - if (getName().equals(fileName)): null

2019-05-18 09:58:51 - [TEST_STEP][PASSED] - println("File Name at 0 is : " + dirContents[i].getName()): null

2019-05-18 09:58:51 - [TEST_STEP][PASSED] - if (getName().equals(fileName)): null

2019-05-18 09:58:51 - [TEST_STEP][PASSED] - println("File Name at 0 is : " + dirContents[i].getName()): null

2019-05-18 09:58:51 - [TEST_STEP][PASSED] - if (getName().equals(fileName)): null

2019-05-18 09:58:51 - [TEST_STEP][PASSED] - println("File Name at 0 is : " + dirContents[i].getName()): null

2019-05-18 09:58:51 - [TEST_STEP][PASSED] - if (getName().equals(fileName)): null

2019-05-18 09:58:51 - [TEST_STEP][PASSED] - println("File Name at 0 is : " + dirContents[i].getName()): null

2019-05-18 09:58:51 - [TEST_STEP][PASSED] - if (getName().equals(fileName)): null

2019-05-18 09:58:51 - [TEST_STEP][PASSED] - println("File Name at 0 is : " + dirContents[i].getName()): null

2019-05-18 09:58:51 - [TEST_STEP][PASSED] - if (getName().equals(fileName)): null

2019-05-18 09:58:51 - [TEST_STEP][PASSED] - println("File Name at 0 is : " + dirContents[i].getName()): null

2019-05-18 09:58:51 - [TEST_STEP][PASSED] - if (getName().equals(fileName)): null

2019-05-18 09:58:51 - [TEST_STEP][PASSED] - println("File Name at 0 is : " + dirContents[i].getName()): null

2019-05-18 09:58:51 - [TEST_STEP][PASSED] - if (getName().equals(fileName)): null

2019-05-18 09:58:51 - [TEST_STEP][PASSED] - println("File Name at 0 is : " + dirContents[i].getName()): null

2019-05-18 09:58:51 - [TEST_STEP][PASSED] - if (getName().equals(fileName)): null

2019-05-18 09:58:51 - [TEST_STEP][PASSED] - println("File Name at 0 is : " + dirContents[i].getName()): null

2019-05-18 09:58:51 - [TEST_STEP][PASSED] - if (getName().equals(fileName)): null

2019-05-18 09:58:51 - [TEST_STEP][PASSED] - println("File Name at 0 is : " + dirContents[i].getName()): null

2019-05-18 09:58:51 - [TEST_STEP][PASSED] - if (getName().equals(fileName)): null

2019-05-18 09:58:51 - [TEST_STEP][PASSED] - println("File Name at 0 is : " + dirContents[i].getName()): null

2019-05-18 09:58:51 - [TEST_STEP][PASSED] - if (getName().equals(fileName)): null

2019-05-18 09:58:51 - [TEST_STEP][PASSED] - println("File Name at 0 is : " + dirContents[i].getName()): null

2019-05-18 09:58:51 - [TEST_STEP][PASSED] - if (getName().equals(fileName)): null

2019-05-18 09:58:51 - [TEST_STEP][PASSED] - println("File Name at 0 is : " + dirContents[i].getName()): null

2019-05-18 09:58:51 - [TEST_STEP][PASSED] - if (getName().equals(fileName)): null

2019-05-18 09:58:51 - [TEST_STEP][PASSED] - println("File Name at 0 is : " + dirContents[i].getName()): null

2019-05-18 09:58:51 - [TEST_STEP][PASSED] - if (getName().equals(fileName)): null

2019-05-18 09:58:51 - [TEST_STEP][PASSED] - println("File Name at 0 is : " + dirContents[i].getName()): null

2019-05-18 09:58:51 - [TEST_STEP][PASSED] - if (getName().equals(fileName)): null

2019-05-18 09:58:51 - [TEST_STEP][PASSED] - println("File Name at 0 is : " + dirContents[i].getName()): null

2019-05-18 09:58:51 - [TEST_STEP][PASSED] - if (getName().equals(fileName)): null

2019-05-18 09:58:51 - [TEST_STEP][PASSED] - println("File Name at 0 is : " + dirContents[i].getName()): null

2019-05-18 09:58:51 - [TEST_STEP][PASSED] - if (getName().equals(fileName)): null

2019-05-18 09:58:51 - [TEST_STEP][PASSED] - println("File Name at 0 is : " + dirContents[i].getName()): null

2019-05-18 09:58:51 - [TEST_STEP][PASSED] - if (getName().equals(fileName)): null

2019-05-18 09:58:51 - [TEST_STEP][PASSED] - println("File Name at 0 is : " + dirContents[i].getName()): null

2019-05-18 09:58:51 - [TEST_STEP][PASSED] - if (getName().equals(fileName)): null

2019-05-18 09:58:51 - [TEST_STEP][PASSED] - println("File Name at 0 is : " + dirContents[i].getName()): null

2019-05-18 09:58:51 - [TEST_STEP][PASSED] - if (getName().equals(fileName)): null

2019-05-18 09:58:51 - [TEST_STEP][PASSED] - flag = "true": null

2019-05-18 09:58:51 - [TEST_STEP][PASSED] - return flag: null

2019-05-18 09:58:51 - [TEST_STEP][PASSED] - driver.close(): null

2019-05-18 09:58:53 - [TEST_STEP][PASSED] - f = getLastDownloadedFile(downloadPath): null

2019-05-18 09:58:53 - [TEST_STEP][PASSED] - latest = null: null

2019-05-18 09:58:53 - [TEST_STEP][PASSED] - try: null

2019-05-18 09:58:53 - [TEST_STEP][PASSED] - fl = new java.io.File(downloadPath): null

2019-05-18 09:58:53 - [TEST_STEP][PASSED] - files = fl.listFiles(new Script1556691764411$2(this)): null

2019-05-18 09:58:53 - [TEST_STEP][PASSED] - return file.isFile(): null

2019-05-18 09:58:53 - [TEST_STEP][PASSED] - return file.isFile(): null

2019-05-18 09:58:53 - [TEST_STEP][PASSED] - return file.isFile(): null

2019-05-18 09:58:53 - [TEST_STEP][PASSED] - return file.isFile(): null

2019-05-18 09:58:53 - [TEST_STEP][PASSED] - return file.isFile(): null

2019-05-18 09:58:53 - [TEST_STEP][PASSED] - return file.isFile(): null

2019-05-18 09:58:53 - [TEST_STEP][PASSED] - return file.isFile(): null

2019-05-18 09:58:53 - [TEST_STEP][PASSED] - return file.isFile(): null

2019-05-18 09:58:53 - [TEST_STEP][PASSED] - return file.isFile(): null

2019-05-18 09:58:53 - [TEST_STEP][PASSED] - return file.isFile(): null

2019-05-18 09:58:53 - [TEST_STEP][PASSED] - return file.isFile(): null

2019-05-18 09:58:53 - [TEST_STEP][PASSED] - return file.isFile(): null

2019-05-18 09:58:53 - [TEST_STEP][PASSED] - return file.isFile(): null

2019-05-18 09:58:53 - [TEST_STEP][PASSED] - return file.isFile(): null

2019-05-18 09:58:53 - [TEST_STEP][PASSED] - return file.isFile(): null

2019-05-18 09:58:53 - [TEST_STEP][PASSED] - return file.isFile(): null

2019-05-18 09:58:53 - [TEST_STEP][PASSED] - return file.isFile(): null

2019-05-18 09:58:53 - [TEST_STEP][PASSED] - return file.isFile(): null

2019-05-18 09:58:53 - [TEST_STEP][PASSED] - return file.isFile(): null

2019-05-18 09:58:53 - [TEST_STEP][PASSED] - return file.isFile(): null

2019-05-18 09:58:53 - [TEST_STEP][PASSED] - return file.isFile(): null

2019-05-18 09:58:53 - [TEST_STEP][PASSED] - return file.isFile(): null

2019-05-18 09:58:53 - [TEST_STEP][PASSED] - return file.isFile(): null

2019-05-18 09:58:53 - [TEST_STEP][PASSED] - return file.isFile(): null

2019-05-18 09:58:53 - [TEST_STEP][PASSED] - return file.isFile(): null

2019-05-18 09:58:53 - [TEST_STEP][PASSED] - return file.isFile(): null

2019-05-18 09:58:53 - [TEST_STEP][PASSED] - return file.isFile(): null

2019-05-18 09:58:53 - [TEST_STEP][PASSED] - return file.isFile(): null

2019-05-18 09:58:53 - [TEST_STEP][PASSED] - return file.isFile(): null

2019-05-18 09:58:53 - [TEST_STEP][PASSED] - return file.isFile(): null

2019-05-18 09:58:53 - [TEST_STEP][PASSED] - return file.isFile(): null

2019-05-18 09:58:53 - [TEST_STEP][PASSED] - return file.isFile(): null

2019-05-18 09:58:53 - [TEST_STEP][PASSED] - return file.isFile(): null

2019-05-18 09:58:53 - [TEST_STEP][PASSED] - return file.isFile(): null

2019-05-18 09:58:53 - [TEST_STEP][PASSED] - return file.isFile(): null

2019-05-18 09:58:53 - [TEST_STEP][PASSED] - return file.isFile(): null

2019-05-18 09:58:53 - [TEST_STEP][PASSED] - return file.isFile(): null

2019-05-18 09:58:53 - [TEST_STEP][PASSED] - return file.isFile(): null

2019-05-18 09:58:53 - [TEST_STEP][PASSED] - return file.isFile(): null

2019-05-18 09:58:53 - [TEST_STEP][PASSED] - return file.isFile(): null

2019-05-18 09:58:53 - [TEST_STEP][PASSED] - return file.isFile(): null

2019-05-18 09:58:53 - [TEST_STEP][PASSED] - return file.isFile(): null

2019-05-18 09:58:53 - [TEST_STEP][PASSED] - return file.isFile(): null

2019-05-18 09:58:53 - [TEST_STEP][PASSED] - return file.isFile(): null

2019-05-18 09:58:53 - [TEST_STEP][PASSED] - return file.isFile(): null

2019-05-18 09:58:53 - [TEST_STEP][PASSED] - Thread.sleep(10000): null

2019-05-18 09:59:03 - [TEST_STEP][PASSED] - lastMod = MIN_VALUE: null

2019-05-18 09:59:03 - [TEST_STEP][PASSED] - for (File file : files): null

2019-05-18 09:59:03 - [TEST_STEP][PASSED] - if (file.lastModified() > lastMod): null

2019-05-18 09:59:03 - [TEST_STEP][PASSED] - latest = file: null

2019-05-18 09:59:03 - [TEST_STEP][PASSED] - lastMod = file.lastModified(): null

2019-05-18 09:59:03 - [TEST_STEP][PASSED] - if (file.lastModified() > lastMod): null

2019-05-18 09:59:03 - [TEST_STEP][PASSED] - latest = file: null

2019-05-18 09:59:03 - [TEST_STEP][PASSED] - lastMod = file.lastModified(): null

2019-05-18 09:59:03 - [TEST_STEP][PASSED] - if (file.lastModified() > lastMod): null

2019-05-18 09:59:03 - [TEST_STEP][PASSED] - if (file.lastModified() > lastMod): null

2019-05-18 09:59:03 - [TEST_STEP][PASSED] - if (file.lastModified() > lastMod): null

2019-05-18 09:59:03 - [TEST_STEP][PASSED] - if (file.lastModified() > lastMod): null

2019-05-18 09:59:03 - [TEST_STEP][PASSED] - if (file.lastModified() > lastMod): null

2019-05-18 09:59:03 - [TEST_STEP][PASSED] - if (file.lastModified() > lastMod): null

2019-05-18 09:59:03 - [TEST_STEP][PASSED] - if (file.lastModified() > lastMod): null

2019-05-18 09:59:03 - [TEST_STEP][PASSED] - if (file.lastModified() > lastMod): null

2019-05-18 09:59:03 - [TEST_STEP][PASSED] - if (file.lastModified() > lastMod): null

2019-05-18 09:59:03 - [TEST_STEP][PASSED] - if (file.lastModified() > lastMod): null

2019-05-18 09:59:03 - [TEST_STEP][PASSED] - if (file.lastModified() > lastMod): null

2019-05-18 09:59:03 - [TEST_STEP][PASSED] - if (file.lastModified() > lastMod): null

2019-05-18 09:59:03 - [TEST_STEP][PASSED] - if (file.lastModified() > lastMod): null

2019-05-18 09:59:03 - [TEST_STEP][PASSED] - latest = file: null

2019-05-18 09:59:03 - [TEST_STEP][PASSED] - lastMod = file.lastModified(): null

2019-05-18 09:59:03 - [TEST_STEP][PASSED] - if (file.lastModified() > lastMod): null

2019-05-18 09:59:03 - [TEST_STEP][PASSED] - if (file.lastModified() > lastMod): null

2019-05-18 09:59:03 - [TEST_STEP][PASSED] - if (file.lastModified() > lastMod): null

2019-05-18 09:59:03 - [TEST_STEP][PASSED] - if (file.lastModified() > lastMod): null

2019-05-18 09:59:03 - [TEST_STEP][PASSED] - if (file.lastModified() > lastMod): null

2019-05-18 09:59:03 - [TEST_STEP][PASSED] - if (file.lastModified() > lastMod): null

2019-05-18 09:59:03 - [TEST_STEP][PASSED] - if (file.lastModified() > lastMod): null

2019-05-18 09:59:03 - [TEST_STEP][PASSED] - if (file.lastModified() > lastMod): null

2019-05-18 09:59:03 - [TEST_STEP][PASSED] - if (file.lastModified() > lastMod): null

2019-05-18 09:59:03 - [TEST_STEP][PASSED] - if (file.lastModified() > lastMod): null

2019-05-18 09:59:03 - [TEST_STEP][PASSED] - if (file.lastModified() > lastMod): null

2019-05-18 09:59:03 - [TEST_STEP][PASSED] - if (file.lastModified() > lastMod): null

2019-05-18 09:59:03 - [TEST_STEP][PASSED] - if (file.lastModified() > lastMod): null

2019-05-18 09:59:03 - [TEST_STEP][PASSED] - if (file.lastModified() > lastMod): null

2019-05-18 09:59:03 - [TEST_STEP][PASSED] - latest = file: null

2019-05-18 09:59:03 - [TEST_STEP][PASSED] - lastMod = file.lastModified(): null

2019-05-18 09:59:03 - [TEST_STEP][PASSED] - if (file.lastModified() > lastMod): null

2019-05-18 09:59:03 - [TEST_STEP][PASSED] - if (file.lastModified() > lastMod): null

2019-05-18 09:59:03 - [TEST_STEP][PASSED] - if (file.lastModified() > lastMod): null

2019-05-18 09:59:03 - [TEST_STEP][PASSED] - if (file.lastModified() > lastMod): null

2019-05-18 09:59:03 - [TEST_STEP][PASSED] - if (file.lastModified() > lastMod): null

2019-05-18 09:59:03 - [TEST_STEP][PASSED] - if (file.lastModified() > lastMod): null

2019-05-18 09:59:03 - [TEST_STEP][PASSED] - if (file.lastModified() > lastMod): null

2019-05-18 09:59:03 - [TEST_STEP][PASSED] - if (file.lastModified() > lastMod): null

2019-05-18 09:59:03 - [TEST_STEP][PASSED] - if (file.lastModified() > lastMod): null

2019-05-18 09:59:03 - [TEST_STEP][PASSED] - if (file.lastModified() > lastMod): null

2019-05-18 09:59:03 - [TEST_STEP][PASSED] - println("The last downloaded file is " + latest.getPath()): null

2019-05-18 09:59:03 - [TEST_STEP][PASSED] - return latest: null

2019-05-18 09:59:03 - [TEST_STEP][PASSED] - println("latest downloaded file name is: " + f.getName()): null

2019-05-18 09:59:03 - [TEST_STEP][PASSED] - Assert.assertEquals(f.getName(), "smilechart.xls", "true"): null

2019-05-18 09:59:03 - [TEST_STEP][PASSED] - Assert.assertEquals(deleteFile(downloadPath, "smilechart.xls"), "true"): null

2019-05-18 09:59:03 - [TEST_STEP][PASSED] - flag = "false": null

2019-05-18 09:59:03 - [TEST_STEP][PASSED] - file = new java.io.File(((downloadPath + \) + fileName)): null

2019-05-18 09:59:03 - [TEST_STEP][PASSED] - if (file.delete()): null

2019-05-18 09:59:03 - [TEST_STEP][PASSED] - out.println("File deleted successfully"): null

2019-05-18 09:59:03 - [TEST_STEP][PASSED] - flag = "true": null

2019-05-18 09:59:03 - [TEST_STEP][PASSED] - return flag: null]]></system-out>
         <system-err><![CDATA[]]></system-err>
      </testcase>
      <testcase name="Test Cases/TestCaseParameters/dataBinding" classname="Test Cases/TestCaseParameters/dataBinding" status="PASSED">
         <system-out><![CDATA[2019-05-18 09:59:03 - [TEST_CASE][PASSED] - Test Cases/TestCaseParameters/dataBinding: Test Cases/TestCaseParameters/dataBinding

2019-05-18 09:59:04 - [TEST_STEP][PASSED] - Start listener action : sampleBeforeTestCase: null

2019-05-18 09:59:04 - [TEST_STEP][PASSED] - println(testCaseContext.getTestCaseId()): null

2019-05-18 09:59:04 - [TEST_STEP][PASSED] - println(testCaseContext.getTestCaseVariables()): null

2019-05-18 09:59:05 - [TEST_STEP][PASSED] - openBrowser(""): Browser is opened with url: ''

2019-05-18 09:59:05 - [MESSAGE][INFO] - Starting 'Chrome' driver

2019-05-18 09:59:05 - [MESSAGE][INFO] - User set preference: ['args', '[--disable-infobars, --no-sandbox]']

2019-05-18 09:59:11 - [MESSAGE][PASSED] - Browser is opened with url: ''

2019-05-18 09:59:11 - [TEST_STEP][PASSED] - deleteAllCookies(STOP_ON_FAILURE): Delete all cookies successfully

2019-05-18 09:59:13 - [MESSAGE][PASSED] - Delete all cookies successfully

2019-05-18 09:59:13 - [TEST_STEP][PASSED] - println("Cleared all the caches"): null

2019-05-18 09:59:13 - [TEST_STEP][PASSED] - navigateToUrl("http://www.google.com"): Navigate to 'http://www.google.com' successfully

2019-05-18 09:59:18 - [MESSAGE][PASSED] - Navigate to 'http://www.google.com' successfully

2019-05-18 09:59:18 - [TEST_STEP][PASSED] - setText(findTestObject("Object Repository/DatePicker/Page_/REMOVE/Page_Google/search"), Parameters): Text 'Selenium' is set on object 'Object Repository/DatePicker/Page_/REMOVE/Page_Google/search'

2019-05-18 09:59:19 - [MESSAGE][PASSED] - Text 'Selenium' is set on object 'Object Repository/DatePicker/Page_/REMOVE/Page_Google/search'

2019-05-18 09:59:19 - [TEST_STEP][PASSED] - delay(4): Delayed 4 second(s)

2019-05-18 09:59:23 - [MESSAGE][PASSED] - Delayed 4 second(s)]]></system-out>
         <system-err><![CDATA[]]></system-err>
      </testcase>
      <testcase name="Test Cases/TestCaseParameters/dataBinding" classname="Test Cases/TestCaseParameters/dataBinding" status="PASSED">
         <system-out><![CDATA[2019-05-18 09:59:23 - [TEST_CASE][PASSED] - Test Cases/TestCaseParameters/dataBinding: Test Cases/TestCaseParameters/dataBinding

2019-05-18 09:59:23 - [TEST_STEP][PASSED] - Start listener action : sampleBeforeTestCase: null

2019-05-18 09:59:23 - [TEST_STEP][PASSED] - println(testCaseContext.getTestCaseId()): null

2019-05-18 09:59:23 - [TEST_STEP][PASSED] - println(testCaseContext.getTestCaseVariables()): null

2019-05-18 09:59:23 - [TEST_STEP][PASSED] - openBrowser(""): Browser is opened with url: ''

2019-05-18 09:59:23 - [MESSAGE][WARNING] - A browser is already opened. Closing browser and opening a new one

2019-05-18 09:59:24 - [MESSAGE][INFO] - Starting 'Chrome' driver

2019-05-18 09:59:24 - [MESSAGE][INFO] - User set preference: ['args', '[--disable-infobars, --no-sandbox]']

2019-05-18 09:59:30 - [MESSAGE][PASSED] - Browser is opened with url: ''

2019-05-18 09:59:30 - [TEST_STEP][PASSED] - deleteAllCookies(STOP_ON_FAILURE): Delete all cookies successfully

2019-05-18 09:59:32 - [MESSAGE][PASSED] - Delete all cookies successfully

2019-05-18 09:59:32 - [TEST_STEP][PASSED] - println("Cleared all the caches"): null

2019-05-18 09:59:32 - [TEST_STEP][PASSED] - navigateToUrl("http://www.google.com"): Navigate to 'http://www.google.com' successfully

2019-05-18 09:59:36 - [MESSAGE][PASSED] - Navigate to 'http://www.google.com' successfully

2019-05-18 09:59:36 - [TEST_STEP][PASSED] - setText(findTestObject("Object Repository/DatePicker/Page_/REMOVE/Page_Google/search"), Parameters): Text 'Webdriver' is set on object 'Object Repository/DatePicker/Page_/REMOVE/Page_Google/search'

2019-05-18 09:59:37 - [MESSAGE][PASSED] - Text 'Webdriver' is set on object 'Object Repository/DatePicker/Page_/REMOVE/Page_Google/search'

2019-05-18 09:59:37 - [TEST_STEP][PASSED] - delay(4): Delayed 4 second(s)

2019-05-18 09:59:41 - [MESSAGE][PASSED] - Delayed 4 second(s)]]></system-out>
         <system-err><![CDATA[]]></system-err>
      </testcase>
      <system-out><![CDATA[2019-05-18 09:47:36 - [TEST_SUITE][PASSED] - RegressionTestSuite: Test Cases/TestCaseParameters/dataBinding]]></system-out>
      <system-err><![CDATA[]]></system-err>
   </testsuite>
</testsuites>
